[Sun Aug 28 19:28:47 2022] [Kill] ? killed Enyxies with NULL
[Sun Aug 28 19:28:47 2022] [Kill] ? killed nawydrt32 with NULL
[Sun Aug 28 19:28:47 2022] [Kill] ? killed Enyxies with NULL
[Sun Aug 28 19:28:47 2022] [Kill] ? killed nawydrt32 with NULL
[Sun Aug 28 19:28:47 2022] [Kill] ? killed Enyxies with NULL
[Sun Aug 28 19:28:47 2022] [Kill] ? killed nawydrt32 with NULL
[Sun Aug 28 19:28:47 2022] [Kill] ? killed Enyxies with NULL
[Sun Aug 28 19:28:47 2022] [Kill] ? killed nawydrt32 with NULL
[Sun Aug 28 19:28:47 2022] [Kill] ? killed Enyxies with NULL
[Sun Aug 28 19:28:47 2022] [Kill] ? killed nawydrt32 with NULL
[Sun Aug 28 19:28:47 2022] [Kill] ? killed Enyxies with NULL
[Sun Aug 28 19:28:47 2022] [Kill] ? killed nawydrt32 with NULL
[Sun Aug 28 19:28:47 2022] [Kill] ? killed Enyxies with NULL
[Sun Aug 28 19:28:47 2022] [Kill] ? killed nawydrt32 with NULL
[Sun Aug 28 19:28:47 2022] [Kill] ? killed Enyxies with NULL
[Sun Aug 28 19:28:47 2022] [Kill] ? killed nawydrt32 with NULL
[Sun Aug 28 19:28:47 2022] [Kill] ? killed Enyxies with NULL
[Sun Aug 28 19:28:47 2022] [Kill] ? killed nawydrt32 with NULL
[Sun Aug 28 19:28:47 2022] [Kill] ? killed Enyxies with NULL
[Sun Aug 28 19:28:47 2022] [Kill] ? killed nawydrt32 with NULL
[Sun Aug 28 19:28:47 2022] [Kill] ? killed Enyxies with NULL
[Sun Aug 28 19:28:47 2022] [Kill] ? killed nawydrt32 with NULL
[Sun Aug 28 19:28:47 2022] [Kill] ? killed Enyxies with NULL
[Sun Aug 28 19:28:47 2022] [Kill] ? killed nawydrt32 with NULL
[Sun Aug 28 19:28:47 2022] [Kill] ? killed Enyxies with NULL
[Sun Aug 28 19:28:47 2022] [Kill] ? killed nawydrt32 with NULL
[Sun Aug 28 19:28:47 2022] [Kill] ? killed Enyxies with NULL
[Sun Aug 28 19:28:47 2022] [Kill] ? killed nawydrt32 with NULL
[Sun Aug 28 19:28:47 2022] [Kill] ? killed Enyxies with NULL
[Sun Aug 28 19:28:47 2022] [Kill] ? killed nawydrt32 with NULL
[Sun Aug 28 19:28:47 2022] [Kill] ? killed Enyxies with NULL
[Sun Aug 28 19:28:47 2022] [Kill] ? killed nawydrt32 with NULL
[Sun Aug 28 19:28:47 2022] [Kill] ? killed Enyxies with NULL
[Sun Aug 28 19:28:47 2022] [Kill] ? killed nawydrt32 with NULL
[Sun Aug 28 19:28:47 2022] [Kill] ? killed Enyxies with NULL
[Sun Aug 28 19:28:47 2022] [Kill] ? killed nawydrt32 with NULL
[Sun Aug 28 19:28:48 2022] [Kill] ? killed Enyxies with NULL
[Sun Aug 28 19:28:48 2022] [Kill] ? killed nawydrt32 with NULL
[Sun Aug 28 19:28:48 2022] [Kill] ? killed Enyxies with NULL
[Sun Aug 28 19:28:48 2022] [Kill] ? killed nawydrt32 with NULL
[Sun Aug 28 19:28:48 2022] [Kill] ? killed Enyxies with NULL
[Sun Aug 28 19:28:48 2022] [Kill] ? killed nawydrt32 with NULL
[Sun Aug 28 19:28:48 2022] [Kill] ? killed Enyxies with NULL
[Sun Aug 28 19:28:48 2022] [Kill] ? killed nawydrt32 with NULL
[Sun Aug 28 19:28:48 2022] [Kill] ? killed Enyxies with NULL
[Sun Aug 28 19:28:48 2022] [Kill] ? killed nawydrt32 with NULL
[Sun Aug 28 19:28:48 2022] [Kill] ? killed Enyxies with NULL
[Sun Aug 28 19:28:48 2022] [Kill] ? killed nawydrt32 with NULL
[Sun Aug 28 19:28:48 2022] [Kill] ? killed Enyxies with NULL
[Sun Aug 28 19:28:48 2022] [Kill] ? killed nawydrt32 with NULL
[Sun Aug 28 19:28:48 2022] [Kill] ? killed Enyxies with NULL
[Sun Aug 28 19:28:48 2022] [Kill] ? killed nawydrt32 with NULL
[Sun Aug 28 19:28:48 2022] [Kill] ? killed Enyxies with NULL
[Sun Aug 28 19:28:48 2022] [Kill] ? killed nawydrt32 with NULL
[Sun Aug 28 19:28:48 2022] [Kill] ? killed Enyxies with NULL
[Sun Aug 28 19:28:48 2022] [Kill] ? killed nawydrt32 with NULL
[Sun Aug 28 19:28:48 2022] [Kill] ? killed Enyxies with NULL
[Sun Aug 28 19:28:48 2022] [Kill] ? killed nawydrt32 with NULL
[Sun Aug 28 19:28:48 2022] [Kill] ? killed Enyxies with NULL
[Sun Aug 28 19:28:48 2022] [Kill] ? killed nawydrt32 with NULL
[Sun Aug 28 19:28:48 2022] [Kill] ? killed Enyxies with NULL
[Sun Aug 28 19:28:48 2022] [Kill] ? killed nawydrt32 with NULL
[Sun Aug 28 19:28:48 2022] [Kill] ? killed Enyxies with NULL
[Sun Aug 28 19:28:48 2022] [Kill] ? killed nawydrt32 with NULL
[Sun Aug 28 19:28:48 2022] [Kill] ? killed Enyxies with NULL
[Sun Aug 28 19:28:48 2022] [Kill] ? killed nawydrt32 with NULL
[Sun Aug 28 19:28:48 2022] [Kill] ? killed Enyxies with NULL
[Sun Aug 28 19:28:48 2022] [Kill] ? killed nawydrt32 with NULL
[Sun Aug 28 19:28:48 2022] [Kill] ? killed Enyxies with NULL
[Sun Aug 28 19:28:48 2022] [Kill] ? killed nawydrt32 with NULL
[Sun Aug 28 19:28:48 2022] [Kill] ? killed Enyxies with NULL
[Sun Aug 28 19:28:48 2022] [Kill] ? killed nawydrt32 with NULL
[Sun Aug 28 19:28:48 2022] [Kill] ? killed Enyxies with NULL
[Sun Aug 28 19:28:48 2022] [Kill] ? killed nawydrt32 with NULL
[Mon Aug 29 14:52:32 2022] [Kill] danilo23volcano4 died
[Mon Aug 29 14:52:34 2022] [Kill] gnjecarijus died
[Mon Aug 29 14:52:44 2022] [Kill] gnjecarijus died
[Mon Aug 29 14:52:54 2022] [Kill] gnjecarijus died
[Mon Aug 29 14:52:59 2022] [Kill] Redasmo died
[Mon Aug 29 14:53:09 2022] [Kill] danilo23volcano4 died
[Mon Aug 29 14:53:20 2022] [Kill] benigamerit died
[Mon Aug 29 14:53:23 2022] [Kill] arska1325 killed arska1325 with World object
[Mon Aug 29 14:53:23 2022] [Kill] Bagrik_84 died
[Mon Aug 29 14:53:42 2022] [Kill] zxcnlucky died
[Mon Aug 29 14:53:51 2022] [Kill] nezinauLOL died
[Mon Aug 29 14:53:51 2022] [Kill] Madsbugge11 died
[Mon Aug 29 14:53:59 2022] [Kill] gnjecarijus died
[Mon Aug 29 14:54:17 2022] [Kill] danilo23volcano4 died
[Mon Aug 29 14:54:19 2022] [Kill] gnjecarijus died
[Mon Aug 29 14:54:21 2022] [Kill] bariga-uzbek died
[Mon Aug 29 14:54:27 2022] [Kill] Nycez_ died
[Mon Aug 29 14:54:58 2022] [Kill] gnjecarijus died
[Mon Aug 29 14:55:22 2022] [Kill] Theistic died
[Mon Aug 29 14:55:26 2022] [Kill] Anderdes3848 died
[Mon Aug 29 14:55:26 2022] [Kill] danilo23volcano4 died
[Mon Aug 29 14:55:37 2022] [Kill] stiguB3 killed stiguB3 with World object
[Mon Aug 29 14:55:45 2022] [Kill] danilo23volcano4 died
[Mon Aug 29 14:55:55 2022] [Kill] stiguB3 killed stiguB3 with World object
[Mon Aug 29 14:55:59 2022] [Kill] hy3juu died
[Mon Aug 29 14:56:00 2022] [Kill] gnjecarijus died
[Mon Aug 29 14:56:06 2022] [Kill] Johny_God47 died
[Mon Aug 29 14:56:16 2022] [Kill] arska1325 killed arska1325 with World object
[Mon Aug 29 14:56:20 2022] [Kill] Zlotyyy_ died
[Mon Aug 29 14:56:22 2022] [Kill] gnjecarijus died
[Mon Aug 29 14:56:26 2022] [Kill] goldik_x died
[Mon Aug 29 14:56:35 2022] [Kill] xTutti321 killed Madsbugge11 with World object
[Mon Aug 29 14:56:47 2022] [Kill] danilo23volcano4 died
[Mon Aug 29 14:56:51 2022] [Kill] stiguB3 died
[Mon Aug 29 14:56:53 2022] [Kill] bariga-uzbek killed arska1325 with World object
[Mon Aug 29 14:57:57 2022] [Kill] viggohb08 died
[Mon Aug 29 14:57:58 2022] [Kill] danilo23volcano4 died
[Mon Aug 29 14:58:14 2022] [Kill] Bagrik_84 died
[Mon Aug 29 14:58:16 2022] [Kill] zebu123445 died
[Mon Aug 29 14:58:43 2022] [Kill] Darkside234hair8 died
[Mon Aug 29 14:58:46 2022] [Kill] stiguB3 died
[Mon Aug 29 14:59:01 2022] [Kill] nezinauLOL died
[Mon Aug 29 14:59:01 2022] [Kill] Anderdes3848 died
[Mon Aug 29 14:59:07 2022] [Kill] DIRON_GRAZZA died
[Mon Aug 29 14:59:14 2022] [Kill] Finoni22 died
[Mon Aug 29 14:59:21 2022] [Kill] Noahdendoedsomme died
[Mon Aug 29 14:59:24 2022] [Kill] Shizoolya died
[Mon Aug 29 14:59:32 2022] [Kill] Stuzz99 died
[Mon Aug 29 14:59:47 2022] [Kill] BigManFranek123 died
[Mon Aug 29 14:59:50 2022] [Kill] Madsbugge11 died
[Mon Aug 29 14:59:54 2022] [Kill] hubuso died
[Mon Aug 29 14:59:58 2022] [Kill] nezinauLOL died
[Mon Aug 29 15:00:28 2022] [Kill] nezinauLOL died
[Mon Aug 29 15:00:30 2022] [Kill] ICEPOWERfan died
[Mon Aug 29 15:01:02 2022] [Kill] hubuso died
[Mon Aug 29 15:01:05 2022] [Kill] MatiVGR died
[Mon Aug 29 15:01:26 2022] [Kill] bariga-uzbek killed Bagrik_84 with World object
[Mon Aug 29 15:01:41 2022] [Kill] bariga-uzbek killed nezinauLOL with World object
[Mon Aug 29 15:01:45 2022] [Kill] XderStep died
[Mon Aug 29 15:01:55 2022] [Kill] erwan-bzh-35 died
[Mon Aug 29 15:02:13 2022] [Kill] Norski_27 died
[Mon Aug 29 15:02:17 2022] [Kill] bariga-uzbek killed hy3juu with World object
[Mon Aug 29 15:02:31 2022] [Kill] infinity2shadow died
[Mon Aug 29 15:02:32 2022] [Kill] bariga-uzbek killed nezinauLOL with World object
[Mon Aug 29 15:02:35 2022] [Kill] Noahdendoedsomme killed Madsbugge11 with Пистолет
[Mon Aug 29 15:02:44 2022] [Kill] Johny_God47 died
[Mon Aug 29 15:02:47 2022] [Kill] HURMAA_ died
[Mon Aug 29 15:02:51 2022] [Kill] DIRON_GRAZZA died
[Mon Aug 29 15:03:00 2022] [Kill] bariga-uzbek killed nezinauLOL with World object
[Mon Aug 29 15:03:06 2022] [Kill] timatrinator died
[Mon Aug 29 15:03:09 2022] [Kill] stiguB3 killed arska1325 with World object
[Mon Aug 29 15:03:32 2022] [Kill] hubuso killed erwan-bzh-35 with World object
[Mon Aug 29 15:03:49 2022] [Kill] Dodo2371 died
[Mon Aug 29 15:04:17 2022] [Kill] Johny_God47 died
[Mon Aug 29 15:04:25 2022] [Kill] Madsbugge11 died
[Mon Aug 29 15:04:33 2022] [Kill] _antifreekill_ died
[Mon Aug 29 15:05:40 2022] [Kill] DIRON_GRAZZA died
[Mon Aug 29 15:05:51 2022] [Kill] arska1325 killed arska1325 with World object
[Mon Aug 29 15:05:51 2022] [Kill] arska1325 killed stiguB3 with World object
[Mon Aug 29 15:06:01 2022] [Kill] Johny_God47 died
[Mon Aug 29 15:06:07 2022] [Kill] bariga-uzbek killed arska1325 with World object
[Mon Aug 29 15:06:10 2022] [Kill] Lenogide died
[Mon Aug 29 15:06:14 2022] [Kill] bariga-uzbek died
[Mon Aug 29 22:24:19 2022] [Kill] lavajc died
[Mon Aug 29 22:24:39 2022] [Kill] oliverv2603 died
[Mon Aug 29 22:25:04 2022] [Kill] GulashaLV killed lavajc with Микро-ПП
[Mon Aug 29 22:25:14 2022] [Kill] Kirill_Zloyyy1 died
[Mon Aug 29 22:25:15 2022] [Kill] oliverv2603 died
[Mon Aug 29 22:25:35 2022] [Kill] Tschickenman killed oliverv2603 with Укороченная винтовка
[Mon Aug 29 22:25:36 2022] [Kill] KR1ST4L killed anonnymousgames with Микро-ПП
[Mon Aug 29 22:25:37 2022] [Kill] ExitScam1337 killed lavajc with World object
[Mon Aug 29 22:25:53 2022] [Kill] oliverv2603 killed Tschickenman with World object
[Mon Aug 29 22:26:21 2022] [Kill] oliverv2603 killed oliverv2603 with Бомба-липучка
[Mon Aug 29 22:26:47 2022] [Kill] Sharshhh died
[Mon Aug 29 22:26:52 2022] [Kill] Tschickenman died
[Mon Aug 29 22:27:03 2022] [Kill] lavajc died
[Mon Aug 29 22:27:05 2022] [Kill] SKY72PL died
[Mon Aug 29 22:27:44 2022] [Kill] oliverv2603 died
[Mon Aug 29 22:27:48 2022] [Kill] Tschickenman died
[Mon Aug 29 22:27:58 2022] [Kill] SA_VZ1 died
[Mon Aug 29 22:27:58 2022] [Kill] SA_VZ3 died
[Mon Aug 29 22:27:59 2022] [Kill] ExitScam1337 killed Art3xy with World object
[Mon Aug 29 22:27:59 2022] [Kill] ExitScam1337 killed KR1ST4L with World object
[Mon Aug 29 22:28:11 2022] [Kill] GulashaLV died
[Mon Aug 29 22:28:31 2022] [Kill] Tschickenman killed oliverv2603 with World object
[Mon Aug 29 22:28:33 2022] [Kill] Kirill_Zloyyy1 died
[Mon Aug 29 22:28:49 2022] [Kill] oliverv2603 killed Tschickenman with World object
[Mon Aug 29 22:28:57 2022] [Kill] oliverv2603 died
[Mon Aug 29 22:29:00 2022] [Kill] ExitScam1337 killed Adadmson2303 with World object
[Mon Aug 29 22:29:34 2022] [Kill] oliverv2603 killed Tschickenman with World object
[Mon Aug 29 22:29:39 2022] [Kill] Adadmson2303 died
[Mon Aug 29 22:30:06 2022] [Kill] Kirill_Zloyyy1 died
[Mon Aug 29 22:30:16 2022] [Kill] SKY72PL died
[Mon Aug 29 22:30:18 2022] [Kill] oliverv2603 died
[Mon Aug 29 22:30:33 2022] [Kill] ExitScam1337 killed SKY72PL with World object
[Mon Aug 29 22:30:58 2022] [Kill] oliverv2603 killed Tschickenman with World object
[Mon Aug 29 22:31:23 2022] [Kill] Adadmson2303 died
[Mon Aug 29 22:31:47 2022] [Kill] oliverv2603 killed Tschickenman with World object
[Mon Aug 29 22:32:05 2022] [Kill] Tschickenman killed oliverv2603 with World object
[Mon Aug 29 22:32:05 2022] [Kill] oliverv2603 killed Tschickenman with World object
[Mon Aug 29 22:33:58 2022] [Kill] moseyLL died
[Mon Aug 29 22:34:49 2022] [Kill] ExitScam1337 killed moseyLL with World object
[Mon Aug 29 22:35:39 2022] [Kill] Flernem_21 died
[Mon Aug 29 22:35:44 2022] [Kill] Tschickenman died
[Mon Aug 29 22:35:51 2022] [Kill] ExitScam1337 killed oliverv2603 with World object
[Mon Aug 29 22:35:54 2022] [Kill] SA_VZ3 died
[Mon Aug 29 22:35:54 2022] [Kill] SA_VZ1 died
[Mon Aug 29 22:35:59 2022] [Kill] bager43 died
[Mon Aug 29 22:37:00 2022] [Kill] lavajc died
[Mon Aug 29 22:38:55 2022] [Kill] ExitScam1337 killed Adadmson2303 with World object
[Mon Aug 29 22:39:17 2022] [Kill] oliverv2603 died
[Mon Aug 29 22:40:22 2022] [Kill] ExitScam1337 killed moseyLL with World object
[Mon Aug 29 22:41:11 2022] [Kill] GulashaLV died
[Mon Aug 29 22:41:23 2022] [Kill] ExitScam1337 killed SA_VZ3 with World object
[Mon Aug 29 22:41:49 2022] [Kill] Tschickenman died
[Mon Aug 29 22:41:51 2022] [Kill] SA_VZ1 died
[Tue Aug 30 18:49:02 2022] [Kill] ? died
[Tue Aug 30 18:49:42 2022] [Kill] asianman3 died
[Tue Aug 30 18:50:24 2022] [Kill] asianman3 died
[Tue Aug 30 18:50:45 2022] [Kill] FEVatan55 died
[Tue Aug 30 18:51:15 2022] [Kill] andriy4563 died
[Tue Aug 30 18:52:34 2022] [Kill] asianman3 died
[Tue Aug 30 18:52:37 2022] [Kill] xxjustangelxx died
[Tue Aug 30 18:53:00 2022] [Kill] ExitScam1337 killed The-lost-way with World collision
[Tue Aug 30 18:53:26 2022] [Kill] bmpink died
[Tue Aug 30 18:53:48 2022] [Kill] FEVatan55 killed FEVatan55 with World collision
[Tue Aug 30 18:53:57 2022] [Kill] Du-klein23_vier killed Du-klein23_vier with World collision
[Tue Aug 30 18:54:00 2022] [Kill] ExitScam1337 killed The-lost-way with World collision
[Tue Aug 30 18:54:09 2022] [Kill] asianman3 died
[Tue Aug 30 18:55:01 2022] [Kill] asianman3 died
[Tue Aug 30 18:55:31 2022] [Kill] asianman3 died
[Tue Aug 30 18:55:54 2022] [Kill] YeetRangerr died
[Tue Aug 30 18:56:18 2022] [Kill] samik_SK died
[Tue Aug 30 18:56:19 2022] [Kill] olik_jede_bomby1 died
[Tue Aug 30 18:57:01 2022] [Kill] ewoetoe died
[Tue Aug 30 18:57:06 2022] [Kill] The-lost-way died
[Tue Aug 30 18:58:47 2022] [Kill] NarutoKakashi123 died
[Tue Aug 30 18:59:00 2022] [Kill] Fendtfahrer209 died
[Tue Aug 30 18:59:16 2022] [Kill] xxjustangelxx killed xxjustangelxx with World collision
[Tue Aug 30 19:00:12 2022] [Kill] Neon033 died
[Tue Aug 30 19:00:16 2022] [Kill] ExitScam1337 killed The-lost-way with World collision
[Tue Aug 30 19:00:41 2022] [Kill] ExitScam1337 killed The-lost-way with World collision
[Tue Aug 30 19:00:46 2022] [Kill] xZeuSx_PL died
[Tue Aug 30 19:00:54 2022] [Kill] RUBEN_6987 died
[Tue Aug 30 19:01:05 2022] [Kill] ExitScam1337 killed The-lost-way with World collision
[Tue Aug 30 19:01:09 2022] [Kill] DareMo696 died
[Tue Aug 30 19:01:20 2022] [Kill] KaIzeR_0 died
[Tue Aug 30 19:01:30 2022] [Kill] samik_SK died
[Tue Aug 30 19:01:30 2022] [Kill] olik_jede_bomby1 died
[Tue Aug 30 19:02:54 2022] [Kill] olik_jede_bomby1 died
[Tue Aug 30 19:03:19 2022] [Kill] sugarr_l died
[Tue Aug 30 19:03:50 2022] [Kill] samik_SK killed olik_jede_bomby1 with Пистолет
[Tue Aug 30 19:03:57 2022] [Kill] samik_SK died
[Tue Aug 30 19:04:02 2022] [Kill] OlejKozak died
[Tue Aug 30 19:04:19 2022] [Kill] ewoetoe died
[Tue Aug 30 19:04:23 2022] [Kill] SIEMANKO_xD died
[Tue Aug 30 19:04:31 2022] [Kill] Zum_999 died
[Tue Aug 30 19:04:40 2022] [Kill] RUBEN_6987 died
[Tue Aug 30 19:04:57 2022] [Kill] eeeeeeerttytrrr died
[Tue Aug 30 19:06:45 2022] [Kill] JeSuisMorf died
[Tue Aug 30 19:07:02 2022] [Kill] Asuna16Yuuki died
[Tue Aug 30 19:07:16 2022] [Kill] ExitScam1337 killed andriy4563 with World collision
[Tue Aug 30 19:07:17 2022] [Kill] codeidk died
[Tue Aug 30 19:07:27 2022] [Kill] dani2693 died
[Tue Aug 30 19:07:31 2022] [Kill] sugarr_l killed sugarr_l with World collision
[Tue Aug 30 19:07:32 2022] [Kill] Darky_Andrei14 died
[Tue Aug 30 19:07:36 2022] [Kill] Przemulko6 died
[Tue Aug 30 19:07:47 2022] [Kill] Asuna16Yuuki died
[Tue Aug 30 19:07:51 2022] [Kill] KnobgoblinKing died
[Tue Aug 30 19:08:10 2022] [Kill] YeetRangerr died
[Tue Aug 30 19:08:19 2022] [Kill] FasCroft died
[Tue Aug 30 19:09:31 2022] [Kill] samik_SK died
[Tue Aug 30 19:09:35 2022] [Kill] olik_jede_bomby1 died
[Tue Aug 30 19:09:37 2022] [Kill] TruenoBoss-Jr died
[Tue Aug 30 19:09:39 2022] [Kill] ErFarlopao died
[Tue Aug 30 19:10:25 2022] [Kill] OlejKozak killed KnobgoblinKing with Бомба-липучка
[Tue Aug 30 19:10:26 2022] [Kill] Ernis244 died
[Tue Aug 30 19:11:27 2022] [Kill] Kostolom_17 died
[Tue Aug 30 19:11:39 2022] [Kill] OlejKozak died
[Tue Aug 30 19:11:55 2022] [Kill] KillerBob9922 died
[Tue Aug 30 19:12:21 2022] [Kill] x_noah_08 died
[Tue Aug 30 19:12:42 2022] [Kill] asianman3 died
[Tue Aug 30 19:13:04 2022] [Kill] danieleuu died
[Tue Aug 30 19:13:08 2022] [Kill] KardooRL died
[Tue Aug 30 19:13:31 2022] [Kill] shengmingbuxiqaq died
[Tue Aug 30 19:14:00 2022] [Kill] fgswgrfgsgd died
[Tue Aug 30 19:14:01 2022] [Kill] l0V3fist died
[Tue Aug 30 19:14:43 2022] [Kill] Notawhale16 died
[Tue Aug 30 19:14:50 2022] [Kill] Darky_Andrei14 killed Darky_Andrei14 with Бомба-липучка
[Tue Aug 30 19:15:23 2022] [Kill] Darky_Andrei14 killed codeidk with Бомба-липучка
[Tue Aug 30 19:15:33 2022] [Kill] ErFarlopao died
[Tue Aug 30 19:15:37 2022] [Kill] -StuffBoy- died
[Tue Aug 30 19:15:40 2022] [Kill] asianman3 died
[Tue Aug 30 19:15:42 2022] [Kill] Mart1leSrab died
[Tue Aug 30 19:15:46 2022] [Kill] Ernis244 killed Kostolom_17 with Микро-ПП
[Tue Aug 30 19:15:46 2022] [Kill] Tillllllllllllll died
[Tue Aug 30 19:15:54 2022] [Kill] ExitScam1337 killed Darky_Andrei14 with World collision
[Tue Aug 30 19:15:57 2022] [Kill] Zum_999 died
[Tue Aug 30 19:16:02 2022] [Kill] andi500600 died
[Tue Aug 30 19:16:23 2022] [Kill] RustRider006 died
[Tue Aug 30 19:16:35 2022] [Kill] _T0M__ died
[Tue Aug 30 19:16:41 2022] [Kill] _0ttttt0_ died
[Tue Aug 30 19:16:49 2022] [Kill] ExitScam1337 killed fgswgrfgsgd with World collision
[Tue Aug 30 19:17:08 2022] [Kill] ErFarlopao died
[Tue Aug 30 19:17:28 2022] [Kill] Mukagaymer died
[Tue Aug 30 19:17:38 2022] [Kill] ErFarlopao died
[Tue Aug 30 19:17:50 2022] [Kill] asianman3 died
[Tue Aug 30 19:18:14 2022] [Kill] FattyW1ll died
[Tue Aug 30 19:18:17 2022] [Kill] ExitScam1337 killed Darky_Andrei14 with World collision
[Tue Aug 30 19:18:32 2022] [Kill] Cybul1001 died
[Tue Aug 30 19:18:45 2022] [Kill] ExitScam1337 killed Darky_Andrei14 with World collision
[Tue Aug 30 19:18:51 2022] [Kill] Xfleyt died
[Tue Aug 30 19:19:14 2022] [Kill] codeidk died
[Tue Aug 30 19:19:15 2022] [Kill] RUBEN_6987 killed dani2693 with Микро-ПП
[Tue Aug 30 19:19:24 2022] [Kill] ExitScam1337 killed Darky_Andrei14 with World collision
[Tue Aug 30 19:19:33 2022] [Kill] Tilleyboyj1 died
[Tue Aug 30 19:19:36 2022] [Kill] Mukagaymer died
[Tue Aug 30 19:20:04 2022] [Kill] Kubson1234r died
[Tue Aug 30 19:20:25 2022] [Kill] l0V3fist killed FattyW1ll with World collision
[Tue Aug 30 19:20:27 2022] [Kill] RYMBEL died
[Tue Aug 30 19:20:32 2022] [Kill] ExitScam1337 killed Darky_Andrei14 with World collision
[Tue Aug 30 19:21:20 2022] [Kill] Matei2751 died
[Tue Aug 30 19:21:37 2022] [Kill] ExitScam1337 killed fgswgrfgsgd with World collision
[Tue Aug 30 19:21:39 2022] [Kill] Kostolom_17 died
[Tue Aug 30 19:21:55 2022] [Kill] Matei2751 died
[Tue Aug 30 19:21:59 2022] [Kill] KaIzeR_0 died
[Tue Aug 30 19:22:15 2022] [Kill] ExitScam1337 killed _0ttttt0_ with World collision
[Tue Aug 30 19:22:18 2022] [Kill] zxcunknown19 died
[Tue Aug 30 19:22:31 2022] [Kill] x_noah_08 died
[Tue Aug 30 19:23:19 2022] [Kill] Notawhale16 died
[Tue Aug 30 19:23:32 2022] [Kill] ExitScam1337 killed FattyW1ll with Ракетная установка
[Tue Aug 30 19:23:47 2022] [Kill] KaIzeR_0 died
[Tue Aug 30 19:23:57 2022] [Kill] Mio6000 died
[Tue Aug 30 19:24:12 2022] [Kill] ExitScam1337 killed FattyW1ll with World collision
[Tue Aug 30 19:24:50 2022] [Kill] x_noah_08 died
[Tue Aug 30 19:25:05 2022] [Kill] _0ttttt0_ died
[Tue Aug 30 19:25:15 2022] [Kill] zxcunknown19 died
[Tue Aug 30 19:25:21 2022] [Kill] Mio6000 died
[Tue Aug 30 19:25:23 2022] [Kill] Matei2751 died
[Tue Aug 30 19:26:34 2022] [Kill] ExitScam1337 killed andi500600 with World collision
[Tue Aug 30 19:26:52 2022] [Kill] Ernis244 killed _0ttttt0_ with Ракетная установка
[Tue Aug 30 19:27:15 2022] [Kill] ExitScam1337 killed FattyW1ll with Рельсотрон
[Tue Aug 30 19:28:21 2022] [Kill] KillerBob9922 died
[Tue Aug 30 19:33:00 2022] [Kill] ? died
[Tue Aug 30 19:33:25 2022] [Kill] Bennetb1033 died
[Tue Aug 30 19:33:26 2022] [Kill] Gorre_King killed S_Revan_S with Снайперская
[Tue Aug 30 19:33:37 2022] [Kill] matjuninv died
[Tue Aug 30 19:33:58 2022] [Kill] DerAkkubohrer died
[Tue Aug 30 19:34:07 2022] [Kill] adriano454545454 died
[Tue Aug 30 19:34:09 2022] [Kill] lovelytwin died
[Tue Aug 30 19:34:16 2022] [Kill] NOT_Sharkbait killed S_Revan_S with Микро-ПП
[Tue Aug 30 19:34:41 2022] [Kill] FadeO11232123 died
[Tue Aug 30 19:34:48 2022] [Kill] Bennetb1033 died
[Tue Aug 30 19:35:06 2022] [Kill] PartyPanda556 died
[Tue Aug 30 19:35:08 2022] [Kill] S_Revan_S killed NOT_Sharkbait with World collision
[Tue Aug 30 19:35:08 2022] [Kill] S_Revan_S killed Gorre_King with World collision
[Tue Aug 30 19:35:14 2022] [Kill] NOT_Sharkbait killed S_Revan_S with World collision
[Tue Aug 30 19:35:22 2022] [Kill] NippelTwister187 died
[Tue Aug 30 19:35:32 2022] [Kill] S_Revan_S killed NOT_Sharkbait with Снайперская
[Tue Aug 30 19:35:47 2022] [Kill] Tappo2007_10 died
[Tue Aug 30 19:35:52 2022] [Kill] S_Revan_S killed Gorre_King with Миниган
[Tue Aug 30 19:35:57 2022] [Kill] S_Revan_S killed NOT_Sharkbait with Миниган
[Tue Aug 30 19:36:07 2022] [Kill] matjuninv died
[Tue Aug 30 19:36:13 2022] [Kill] TheMightyTarzan died
[Tue Aug 30 19:36:25 2022] [Kill] DerAkkubohrer died
[Tue Aug 30 19:37:10 2022] [Kill] MarcisBikshe died
[Tue Aug 30 19:37:10 2022] [Kill] rankela11 died
[Tue Aug 30 19:37:34 2022] [Kill] Tiarron_tri died
[Tue Aug 30 19:37:34 2022] [Kill] NippelTwister187 died
[Tue Aug 30 19:37:37 2022] [Kill] CZARNYBMWM3 died
[Tue Aug 30 19:37:53 2022] [Kill] FadeO11232123 killed Vezise with Бомба-липучка
[Tue Aug 30 19:37:54 2022] [Kill] NippelTwister187 died
[Tue Aug 30 19:38:16 2022] [Kill] zodevis33 died
[Tue Aug 30 19:38:19 2022] [Kill] NippelTwister187 died
[Tue Aug 30 19:38:31 2022] [Kill] Mvx_xx died
[Tue Aug 30 19:38:44 2022] [Kill] NippelTwister187 died
[Tue Aug 30 19:39:10 2022] [Kill] BS_Kayy died
[Tue Aug 30 19:39:23 2022] [Kill] NippelTwister187 died
[Tue Aug 30 19:39:48 2022] [Kill] crowcrow33 died
[Tue Aug 30 19:39:54 2022] [Kill] NippelTwister187 died
[Tue Aug 30 19:40:43 2022] [Kill] KayyBee11 died
[Tue Aug 30 19:41:03 2022] [Kill] darkinoFNexe died
[Tue Aug 30 19:41:10 2022] [Kill] newmatas1234ft died
[Tue Aug 30 19:41:25 2022] [Kill] TembleviF41 died
[Tue Aug 30 19:42:34 2022] [Kill] Duck_Man911 died
[Tue Aug 30 19:42:37 2022] [Kill] Bigmate13 died
[Tue Aug 30 19:42:44 2022] [Kill] NippelTwister187 died
[Tue Aug 30 19:43:02 2022] [Kill] Duck_Man911 died
[Tue Aug 30 19:43:13 2022] [Kill] Ferdyvmaanen died
[Tue Aug 30 19:43:41 2022] [Kill] JiagPre76243 died
[Tue Aug 30 19:43:44 2022] [Kill] adriano454545454 died
[Tue Aug 30 19:43:45 2022] [Kill] BinksIllusion died
[Tue Aug 30 19:43:50 2022] [Kill] NippelTwister187 killed NippelTwister187 with Бомба-липучка
[Tue Aug 30 19:44:03 2022] [Kill] witek123456suppo died
[Tue Aug 30 19:44:17 2022] [Kill] NippelTwister187 died
[Tue Aug 30 19:44:36 2022] [Kill] Duck_Man911 died
[Tue Aug 30 19:45:01 2022] [Kill] NippelTwister187 died
[Tue Aug 30 19:45:25 2022] [Kill] Vezise died
[Tue Aug 30 19:46:31 2022] [Kill] BinksIllusion died
[Tue Aug 30 19:46:46 2022] [Kill] witek123456suppo died
[Tue Aug 30 19:48:32 2022] [Kill] DerAkkubohrer died
[Tue Aug 30 19:48:41 2022] [Kill] Vezise died
[Tue Aug 30 19:48:45 2022] [Kill] adriano454545454 died
[Tue Aug 30 19:49:14 2022] [Kill] TRUTHAHN_TV died
[Tue Aug 30 19:49:14 2022] [Kill] Bigmate13 killed MarcisBikshe with World collision
[Tue Aug 30 19:49:36 2022] [Kill] Bigmate13 killed MarcisBikshe with World collision
[Tue Aug 30 19:49:57 2022] [Kill] Bigmate13 died
[Tue Aug 30 19:50:26 2022] [Kill] Bigmate13 killed MarcisBikshe with Снайперская
[Tue Aug 30 19:50:30 2022] [Kill] WaguyLikewishky died
[Tue Aug 30 19:50:54 2022] [Kill] MarcisBikshe killed Bigmate13 with Снайперская
[Tue Aug 30 19:51:31 2022] [Kill] DerAkkubohrer died
[Tue Aug 30 19:52:15 2022] [Kill] DerAkkubohrer died
[Tue Aug 30 19:52:16 2022] [Kill] adriano454545454 died
[Tue Aug 30 19:53:02 2022] [Kill] ? died
[Tue Aug 30 19:53:11 2022] [Kill] qurvex died
[Tue Aug 30 19:53:19 2022] [Kill] DerBursche died
[Tue Aug 30 19:53:50 2022] [Kill] ? died
[Tue Aug 30 19:54:01 2022] [Kill] Bobby-Oli died
[Tue Aug 30 19:54:33 2022] [Kill] UTKA_JOKER died
[Tue Aug 30 19:54:55 2022] [Kill] Vanka_spec died
[Tue Aug 30 19:54:57 2022] [Kill] aaclub killed SHAD2022 with World collision
[Tue Aug 30 19:54:58 2022] [Kill] Damy99528 died
[Tue Aug 30 19:55:05 2022] [Kill] CancoFab died
[Tue Aug 30 19:55:08 2022] [Kill] MopStotion died
[Tue Aug 30 19:55:20 2022] [Kill] SHAD2022 died
[Tue Aug 30 19:55:47 2022] [Kill] LoXOToH died
[Tue Aug 30 19:55:58 2022] [Kill] snusoed_artem12 died
[Tue Aug 30 19:56:07 2022] [Kill] aaclub died
[Tue Aug 30 19:56:31 2022] [Kill] kuPiKk_ died
[Tue Aug 30 19:56:34 2022] [Kill] Falak232 died
[Tue Aug 30 19:56:51 2022] [Kill] xMoritzzz died
[Tue Aug 30 19:56:57 2022] [Kill] Ilya_Vinokurov21 died
[Tue Aug 30 19:57:30 2022] [Kill] VladimirPaswordo died
[Tue Aug 30 19:57:54 2022] [Kill] SHAD2022 died
[Tue Aug 30 19:57:54 2022] [Kill] Damy99528 died
[Tue Aug 30 19:58:18 2022] [Kill] aaclub died
[Tue Aug 30 19:58:42 2022] [Kill] Damy99528 died
[Tue Aug 30 19:59:06 2022] [Kill] SHAD2022 died
[Tue Aug 30 19:59:11 2022] [Kill] Damy99528 died
[Tue Aug 30 19:59:20 2022] [Kill] Primholdt died
[Tue Aug 30 19:59:39 2022] [Kill] SHAD2022 died
[Tue Aug 30 19:59:45 2022] [Kill] Damy99528 died
[Tue Aug 30 19:59:52 2022] [Kill] mmll12 died
[Tue Aug 30 19:59:54 2022] [Kill] SHAD2022 died
[Tue Aug 30 19:59:59 2022] [Kill] asocial-idiocrat died
[Tue Aug 30 20:00:25 2022] [Kill] xMoritzzz died
[Tue Aug 30 20:00:29 2022] [Kill] mmll12 died
[Tue Aug 30 20:00:30 2022] [Kill] JQN4TH4N killed MopStotion with ПОС
[Tue Aug 30 20:00:36 2022] [Kill] aaclub died
[Tue Aug 30 20:01:01 2022] [Kill] mmll12 died
[Tue Aug 30 20:01:04 2022] [Kill] aaclub died
[Tue Aug 30 20:01:24 2022] [Kill] xMoritzzz died
[Tue Aug 30 20:01:53 2022] [Kill] aaclub died
[Tue Aug 30 20:01:57 2022] [Kill] SHAD2022 killed SHAD2022 with World collision
[Tue Aug 30 20:02:40 2022] [Kill] mmll12 died
[Tue Aug 30 20:03:01 2022] [Kill] JQN4TH4N killed MopStotion with World collision
[Tue Aug 30 20:03:31 2022] [Kill] aaclub died
[Tue Aug 30 20:04:31 2022] [Kill] IseeAim killed Mario531gaming with World collision
[Tue Aug 30 20:04:37 2022] [Kill] aaclub died
[Tue Aug 30 20:04:59 2022] [Kill] aaclub died
[Tue Aug 30 20:05:18 2022] [Kill] aaclub died
[Tue Aug 30 20:05:39 2022] [Kill] IseeAim died
[Tue Aug 30 20:06:01 2022] [Kill] aaclub died
[Tue Aug 30 20:06:30 2022] [Kill] JQN4TH4N killed DerLetzteAlekZ with Ракетная установка
[Tue Aug 30 20:06:53 2022] [Kill] tward0wsky died
[Tue Aug 30 20:08:03 2022] [Kill] SHAD2022 died
[Tue Aug 30 20:08:09 2022] [Kill] Mario531gaming killed Mario531gaming with World collision
[Tue Aug 30 20:08:29 2022] [Kill] IseeAim killed IseeAim with Бомба-липучка
[Tue Aug 30 20:08:30 2022] [Kill] aaclub killed SHAD2022 with Тяжелая снайперская Mk II
[Tue Aug 30 20:09:13 2022] [Kill] tward0wsky died
[Tue Aug 30 20:09:51 2022] [Kill] v12powered1 died
[Tue Aug 30 20:09:51 2022] [Kill] juustopaa died
[Tue Aug 30 20:10:45 2022] [Kill] juustopaa died
[Tue Aug 30 20:11:06 2022] [Kill] s-e-m-p-a-a died
[Tue Aug 30 20:12:03 2022] [Kill] mmll12 died
[Tue Aug 30 20:12:36 2022] [Kill] aaclub died
[Tue Aug 30 20:12:53 2022] [Kill] Dmitry337 killed SHAD2022 with World collision
[Tue Aug 30 20:13:04 2022] [Kill] aaclub died
[Tue Aug 30 20:13:36 2022] [Kill] v12powered1 died
[Tue Aug 30 20:14:14 2022] [Kill] Mizfigator died
[Tue Aug 30 20:14:22 2022] [Kill] Dmitry337 killed SHAD2022 with Снайперская
[Tue Aug 30 20:14:30 2022] [Kill] Mizfigator died
[Tue Aug 30 20:15:06 2022] [Kill] Mizfigator died
[Tue Aug 30 20:15:20 2022] [Kill] Mizfigator died
[Tue Aug 30 20:15:23 2022] [Kill] SHAD2022 died
[Tue Aug 30 20:16:21 2022] [Kill] Mizfigator died
[Tue Aug 30 20:17:02 2022] [Kill] aaclub died
[Tue Aug 30 20:17:05 2022] [Kill] v12powered1 killed v12powered1 with World collision
[Tue Aug 30 20:18:16 2022] [Kill] v12powered1 died
[Tue Aug 30 20:18:47 2022] [Kill] tward0wsky died
[Tue Aug 30 20:19:41 2022] [Kill] ? died
[Tue Aug 30 20:19:49 2022] [Kill] SexyeSportPlayer died
[Tue Aug 30 20:19:50 2022] [Kill] legalNerdyCZ died
[Tue Aug 30 20:20:28 2022] [Kill] ? died
[Tue Aug 30 20:20:37 2022] [Kill] Mokrafaja33_ died
[Tue Aug 30 20:20:41 2022] [Kill] nicklessprson died
[Tue Aug 30 20:20:46 2022] [Kill] Lilsnowl92 died
[Tue Aug 30 20:20:58 2022] [Kill] tarkigert90 died
[Tue Aug 30 20:21:16 2022] [Kill] ingame35 died
[Tue Aug 30 20:21:18 2022] [Kill] DerGNKunibert killed Mokrafaja33_ with World collision
[Tue Aug 30 20:21:30 2022] [Kill] Kubimus died
[Tue Aug 30 20:21:46 2022] [Kill] Axlers1337 died
[Tue Aug 30 20:21:59 2022] [Kill] Banana_0510 died
[Tue Aug 30 20:22:05 2022] [Kill] Pedroman28 died
[Tue Aug 30 20:22:06 2022] [Kill] Martim22134 killed afavori with Укороченная винтовка
[Tue Aug 30 20:22:11 2022] [Kill] DerGNKunibert killed Mokrafaja33_ with World collision
[Tue Aug 30 20:22:33 2022] [Kill] tarkigert90 died
[Tue Aug 30 20:22:38 2022] [Kill] SpeedyTurtle1 died
[Tue Aug 30 20:22:48 2022] [Kill] Topifum10 died
[Tue Aug 30 20:23:18 2022] [Kill] afavori killed Martim22134 with World collision
[Tue Aug 30 20:23:24 2022] [Kill] JonGunsPro died
[Tue Aug 30 20:23:32 2022] [Kill] Axlers1337 killed new_famous with World collision
[Tue Aug 30 20:23:40 2022] [Kill] Martim22134 killed afavori with Укороченная винтовка
[Tue Aug 30 20:23:49 2022] [Kill] JaSkraft died
[Tue Aug 30 20:24:19 2022] [Kill] wani236 died
[Tue Aug 30 20:24:26 2022] [Kill] dadasCZ85 died
[Tue Aug 30 20:24:32 2022] [Kill] konchenyizxc died
[Tue Aug 30 20:24:34 2022] [Kill] SnoopEnicXmeme killed SnoopEnicXmeme with World collision
[Tue Aug 30 20:24:35 2022] [Kill] bakbar_ died
[Tue Aug 30 20:24:37 2022] [Kill] Lilsnowl92 killed ingame35 with Снайперская
[Tue Aug 30 20:25:00 2022] [Kill] Mg_Linus died
[Tue Aug 30 20:25:18 2022] [Kill] Axlers1337 killed new_famous with World collision
[Tue Aug 30 20:25:21 2022] [Kill] AuT_ViE died
[Tue Aug 30 20:25:37 2022] [Kill] Nekka228X died
[Tue Aug 30 20:25:56 2022] [Kill] SnoopEnicXmeme killed SnoopEnicXmeme with World collision
[Tue Aug 30 20:26:08 2022] [Kill] ZXwilmerXZ-_- died
[Tue Aug 30 20:26:10 2022] [Kill] maxlbr died
[Tue Aug 30 20:26:16 2022] [Kill] m0mSlayer69 died
[Tue Aug 30 20:26:19 2022] [Kill] SnoopEnicXmeme killed Topifum10 with World collision
[Tue Aug 30 20:26:23 2022] [Kill] ImJiox died
[Tue Aug 30 20:26:42 2022] [Kill] Neuzorrock died
[Tue Aug 30 20:27:36 2022] [Kill] SnoopEnicXmeme killed SnoopEnicXmeme with World collision
[Tue Aug 30 20:27:37 2022] [Kill] _EL_PRESI_ died
[Tue Aug 30 20:27:40 2022] [Kill] tarkigert90 died
[Tue Aug 30 20:27:53 2022] [Kill] Pavelk1983 died
[Tue Aug 30 20:27:56 2022] [Kill] Mycht12 died
[Tue Aug 30 20:27:57 2022] [Kill] Misty24103 died
[Tue Aug 30 20:28:07 2022] [Kill] SnoopEnicXmeme died
[Tue Aug 30 20:28:11 2022] [Kill] 1Xplaton1X died
[Tue Aug 30 20:28:41 2022] [Kill] Twobeeers_ died
[Tue Aug 30 20:29:05 2022] [Kill] koksunio1 died
[Tue Aug 30 20:29:23 2022] [Kill] XxQnitoxX died
[Tue Aug 30 20:29:55 2022] [Kill] SUKHKHAMB died
[Tue Aug 30 20:29:56 2022] [Kill] Killer-Levente died
[Tue Aug 30 20:30:15 2022] [Kill] new_famous died
[Tue Aug 30 20:30:18 2022] [Kill] Axlers1337 died
[Tue Aug 30 20:30:36 2022] [Kill] Hamid_HN died
[Tue Aug 30 20:30:39 2022] [Kill] SnoopEnicXmeme died
[Tue Aug 30 20:30:49 2022] [Kill] Dajuku died
[Tue Aug 30 20:31:16 2022] [Kill] Yodjene died
[Tue Aug 30 20:31:20 2022] [Kill] Christianp921d died
[Tue Aug 30 20:31:25 2022] [Kill] Snipe-Rip died
[Tue Aug 30 20:31:30 2022] [Kill] JaSkraft died
[Tue Aug 30 20:31:31 2022] [Kill] SnoopEnicXmeme died
[Tue Aug 30 20:32:11 2022] [Kill] maxlbr died
[Tue Aug 30 20:32:16 2022] [Kill] JaSkraft died
[Tue Aug 30 20:32:25 2022] [Kill] sebbi183 died
[Tue Aug 30 20:32:32 2022] [Kill] Endi_277 died
[Tue Aug 30 20:32:35 2022] [Kill] SpeedyTurtle1 died
[Tue Aug 30 20:32:44 2022] [Kill] Milosh1089 died
[Tue Aug 30 20:32:56 2022] [Kill] Yoakag died
[Tue Aug 30 20:33:14 2022] [Kill] maxlbr died
[Tue Aug 30 20:33:16 2022] [Kill] britain_ died
[Tue Aug 30 20:33:26 2022] [Kill] fmonti94 died
[Tue Aug 30 20:33:37 2022] [Kill] WollyeD died
[Tue Aug 30 20:33:51 2022] [Kill] maxlbr died
[Tue Aug 30 20:34:06 2022] [Kill] ZXwilmerXZ-_- died
[Tue Aug 30 20:34:08 2022] [Kill] Chui1pilote died
[Tue Aug 30 20:34:11 2022] [Kill] Zumby_61000 died
[Tue Aug 30 20:34:13 2022] [Kill] totomaxjj1 died
[Tue Aug 30 20:35:01 2022] [Kill] daddypipi69 died
[Tue Aug 30 20:35:04 2022] [Kill] MrQidn died
[Tue Aug 30 20:35:05 2022] [Kill] braveMayonaise died
[Tue Aug 30 20:35:19 2022] [Kill] IamRazer died
[Tue Aug 30 20:35:19 2022] [Kill] Lena_644 died
[Tue Aug 30 20:35:25 2022] [Kill] Koryazhka died
[Tue Aug 30 20:35:30 2022] [Kill] IamRazer died
[Tue Aug 30 20:35:46 2022] [Kill] Lena_644 died
[Tue Aug 30 20:35:55 2022] [Kill] cpaza73 died
[Tue Aug 30 20:36:02 2022] [Kill] IamRazer died
[Tue Aug 30 20:36:26 2022] [Kill] MrQidn died
[Tue Aug 30 20:36:50 2022] [Kill] Koryazhka died
[Tue Aug 30 20:37:11 2022] [Kill] Topifum10 killed Topifum10 with Бомба-липучка
[Tue Aug 30 20:37:21 2022] [Kill] braveMayonaise killed MrQidn with Винтовка-"буллпап"
[Tue Aug 30 20:37:26 2022] [Kill] braveMayonaise died
[Tue Aug 30 20:38:02 2022] [Kill] braveMayonaise killed Pavelk1983 with Винтовка-"буллпап"
[Tue Aug 30 20:38:27 2022] [Kill] __Vitoss__ died
[Tue Aug 30 20:38:58 2022] [Kill] braveMayonaise died
[Tue Aug 30 20:39:53 2022] [Kill] IamRazer died
[Tue Aug 30 20:40:16 2022] [Kill] XxQnitoxX killed m0mSlayer69 with Микро-ПП
[Tue Aug 30 20:42:00 2022] [Kill] Pavelk1983 killed Pavelk1983 with World collision
[Tue Aug 30 20:43:01 2022] [Kill] britain_ killed tarkigert90 with World collision
[Tue Aug 30 20:44:29 2022] [Kill] xawi555 died
[Tue Aug 30 20:44:29 2022] [Kill] freddbread died
[Tue Aug 30 20:44:47 2022] [Kill] pulicafranaru1 died
[Tue Aug 30 20:45:09 2022] [Kill] ekstrarage022 died
[Tue Aug 30 20:45:19 2022] [Kill] MrIudo died
[Tue Aug 30 20:45:28 2022] [Kill] bad_tommy67 died
[Tue Aug 30 20:45:45 2022] [Kill] SniupZ died
[Tue Aug 30 20:46:12 2022] [Kill] loulou200024 died
[Tue Aug 30 20:46:43 2022] [Kill] Nikoomshot died
[Tue Aug 30 20:47:09 2022] [Kill] NeoXis_- died
[Tue Aug 30 20:47:21 2022] [Kill] Gurjit_bal03 killed Gurjit_bal03 with World collision
[Tue Aug 30 20:47:55 2022] [Kill] NeoXis_- died
[Tue Aug 30 20:48:43 2022] [Kill] Kaszmirczyk died
[Tue Aug 30 20:49:35 2022] [Kill] Sergey_71ru died
[Tue Aug 30 20:49:45 2022] [Kill] DAN0N3K33 died
[Tue Aug 30 20:50:22 2022] [Kill] LaddyDasBiest died
[Tue Aug 30 20:50:36 2022] [Kill] NeoXis_- died
[Tue Aug 30 20:50:40 2022] [Kill] necihs died
[Tue Aug 30 20:50:46 2022] [Kill] Nikoomshot died
[Tue Aug 30 20:50:58 2022] [Kill] Zsimbo died
[Tue Aug 30 20:51:18 2022] [Kill] NeoXis_- died
[Tue Aug 30 20:51:25 2022] [Kill] Swaym_levrai killed Swaym_levrai with World collision
[Tue Aug 30 20:52:34 2022] [Kill] ekstrarage022 died
[Tue Aug 30 20:52:55 2022] [Kill] Gurjit_bal03 died
[Tue Aug 30 20:53:25 2022] [Kill] LaddyDasBiest died
[Tue Aug 30 20:54:32 2022] [Kill] voolooss87 died
[Tue Aug 30 20:54:54 2022] [Kill] MacPuki died
[Tue Aug 30 20:55:22 2022] [Kill] Fattorino died
[Tue Aug 30 20:56:11 2022] [Kill] xawi555 died
[Tue Aug 30 20:56:47 2022] [Kill] xawi555 died
[Tue Aug 30 20:57:26 2022] [Kill] xawi555 died
[Tue Aug 30 20:59:25 2022] [Kill] MacPuki died
[Tue Aug 30 20:59:54 2022] [Kill] Nikoomshot died
[Tue Aug 30 21:00:09 2022] [Kill] Boss_Samuelko died
[Tue Aug 30 21:00:43 2022] [Kill] glapik123 died
[Tue Aug 30 21:01:38 2022] [Kill] Do6pbIi died
[Tue Aug 30 21:02:49 2022] [Kill] Beardmannnnnnnnn died
[Tue Aug 30 21:02:55 2022] [Kill] Boss_Samuelko died
[Tue Aug 30 21:03:20 2022] [Kill] Kaszmirczyk died
[Tue Aug 30 21:04:19 2022] [Kill] ? died
[Tue Aug 30 21:04:30 2022] [Kill] jetrs22 died
[Tue Aug 30 21:04:35 2022] [Kill] aKokeGod killed GalaxyAvenger7 with World collision
[Tue Aug 30 21:04:41 2022] [Kill] Hielkywee died
[Tue Aug 30 21:05:06 2022] [Kill] Duduch27 died
[Tue Aug 30 21:05:15 2022] [Kill] aKokeGod killed GalaxyAvenger7 with World collision
[Tue Aug 30 21:05:16 2022] [Kill] usmy820 died
[Tue Aug 30 21:05:45 2022] [Kill] sKagesan died
[Tue Aug 30 21:05:52 2022] [Kill] aKokeGod died
[Tue Aug 30 21:05:56 2022] [Kill] Hirek_G died
[Tue Aug 30 21:06:19 2022] [Kill] GaNsTeR__1337 died
[Tue Aug 30 21:06:50 2022] [Kill] Paul0705t05 died
[Tue Aug 30 21:07:07 2022] [Kill] Finnhponline died
[Tue Aug 30 21:07:07 2022] [Kill] jus1112 died
[Tue Aug 30 21:07:11 2022] [Kill] safir54450 died
[Tue Aug 30 21:07:29 2022] [Kill] Sergey_Shelud died
[Tue Aug 30 21:07:30 2022] [Kill] timo05021 died
[Tue Aug 30 21:07:44 2022] [Kill] _TheFox40_ killed _TheFox40_ with World collision
[Tue Aug 30 21:08:39 2022] [Kill] Hirek_G died
[Tue Aug 30 21:08:59 2022] [Kill] _TheFox40_ killed aKokeGod with Снайперская
[Tue Aug 30 21:09:13 2022] [Kill] Genyszter killed hs_3xan with Сигнальный пистолет
[Tue Aug 30 21:09:27 2022] [Kill] _TheFox40_ died
[Tue Aug 30 21:09:45 2022] [Kill] Genyszter died
[Tue Aug 30 21:10:11 2022] [Kill] Hirek_G died
[Tue Aug 30 21:10:26 2022] [Kill] Finnhponline killed jus1112 with World collision
[Tue Aug 30 21:10:27 2022] [Kill] aKokeGod died
[Tue Aug 30 21:10:43 2022] [Kill] noah080502 died
[Tue Aug 30 21:10:56 2022] [Kill] aKokeGod died
[Tue Aug 30 21:10:56 2022] [Kill] FelixMeinName died
[Tue Aug 30 21:11:01 2022] [Kill] Ovidiu700 died
[Tue Aug 30 21:11:02 2022] [Kill] timo05021 died
[Tue Aug 30 21:11:30 2022] [Kill] MiskaLombardy died
[Tue Aug 30 21:11:50 2022] [Kill] Cybergamer14 died
[Tue Aug 30 21:11:59 2022] [Kill] _TheFox40_ died
[Tue Aug 30 21:12:06 2022] [Kill] aKokeGod died
[Tue Aug 30 21:12:12 2022] [Kill] 7Moveton died
[Tue Aug 30 21:12:32 2022] [Kill] hs_3xan killed Genyszter with Боевой дробовик
[Tue Aug 30 21:12:56 2022] [Kill] aKokeGod killed aKokeGod with Бомба-липучка
[Tue Aug 30 21:12:58 2022] [Kill] rycka1988 died
[Tue Aug 30 21:13:06 2022] [Kill] hs_3xan died
[Tue Aug 30 21:13:07 2022] [Kill] KuzzaLuzza died
[Tue Aug 30 21:13:17 2022] [Kill] Cudlikrabbits died
[Tue Aug 30 21:13:18 2022] [Kill] Hirek_G died
[Tue Aug 30 21:13:29 2022] [Kill] Hirek_G died
[Tue Aug 30 21:13:32 2022] [Kill] jus1112 killed Finnhponline with Пистолет
[Tue Aug 30 21:14:04 2022] [Kill] Duduch27 died
[Tue Aug 30 21:14:18 2022] [Kill] DerEljulio killed Hirek_G with Микро-ПП
[Tue Aug 30 21:14:31 2022] [Kill] DerEljulio died
[Tue Aug 30 21:14:32 2022] [Kill] KuzzaLuzza killed oskis69_OG with Бронебойный пистолет
[Tue Aug 30 21:14:44 2022] [Kill] Solarstorm died
[Tue Aug 30 21:14:47 2022] [Kill] Hirek_G killed DerEljulio with Тяжелая снайперская Mk II
[Tue Aug 30 21:14:59 2022] [Kill] Finnhponline killed jus1112 with World collision
[Tue Aug 30 21:15:15 2022] [Kill] jus1112 killed Finnhponline with ПП Гузенберга
[Tue Aug 30 21:15:23 2022] [Kill] Finnhponline died
[Tue Aug 30 21:15:33 2022] [Kill] Finnhponline killed jus1112 with Сигнальный пистолет
[Tue Aug 30 21:15:44 2022] [Kill] Finnhponline killed jus1112 with World collision
[Tue Aug 30 21:16:14 2022] [Kill] Hirek_G died
[Tue Aug 30 21:16:35 2022] [Kill] jus1112 killed Finnhponline with Сигнальный пистолет
[Tue Aug 30 21:16:44 2022] [Kill] Finnhponline killed jus1112 with World collision
[Tue Aug 30 21:17:32 2022] [Kill] Hirek_G died
[Tue Aug 30 21:17:44 2022] [Kill] jus1112 died
[Tue Aug 30 21:18:33 2022] [Kill] Finnhponline died
[Tue Aug 30 21:18:48 2022] [Kill] Finnhponline killed jus1112 with World collision
[Tue Aug 30 21:18:55 2022] [Kill] DerEljulio died
[Tue Aug 30 21:19:01 2022] [Kill] Cybergamer14 died
[Tue Aug 30 21:20:27 2022] [Kill] Genyszter died
[Tue Aug 30 21:20:34 2022] [Kill] jus1112 died
[Tue Aug 30 21:20:47 2022] [Kill] timo05021 killed timo05021 with World collision
[Tue Aug 30 21:24:09 2022] [Kill] Hirek_G died
[Tue Aug 30 21:24:23 2022] [Kill] Hirek_G killed jus1112 with Тяжелая снайперская Mk II
[Tue Aug 30 21:24:47 2022] [Kill] Hirek_G killed Hirek_G with Бомба-липучка
[Tue Aug 30 21:25:13 2022] [Kill] Hirek_G died
[Tue Aug 30 21:25:38 2022] [Kill] Hirek_G died
[Tue Aug 30 21:26:05 2022] [Kill] Hirek_G died
[Tue Aug 30 21:26:35 2022] [Kill] Hirek_G died
[Tue Aug 30 21:26:36 2022] [Kill] Finnhponline died
[Tue Aug 30 21:28:56 2022] [Kill] lilmariuq2000 died
[Tue Aug 30 21:29:06 2022] [Kill] jus1112 died
[Tue Aug 30 21:29:22 2022] [Kill] lilmariuq2000 died
[Tue Aug 30 21:29:24 2022] [Kill] Genyszter died
[Tue Aug 30 21:31:15 2022] [Kill] KubaQ149 died
[Tue Aug 30 21:31:19 2022] [Kill] jus1112 killed Finnhponline with World collision
[Tue Aug 30 21:32:50 2022] [Kill] timo05021 died
[Tue Aug 30 21:32:51 2022] [Kill] Genyszter died
[Tue Aug 30 21:32:52 2022] [Kill] jus1112 died
[Tue Aug 30 21:33:39 2022] [Kill] timo05021 killed NeitonBan with World collision
[Tue Aug 30 21:33:40 2022] [Kill] KubaQ149 died
[Tue Aug 30 21:34:16 2022] [Kill] ? died
[Tue Aug 30 21:34:30 2022] [Kill] KAK_SRAT killed Grinya931139 with World collision
[Tue Aug 30 21:34:33 2022] [Kill] prosmaciusL died
[Tue Aug 30 21:34:34 2022] [Kill] Antonio3300loss died
[Tue Aug 30 21:34:36 2022] [Kill] DanielyakuW died
[Tue Aug 30 21:35:05 2022] [Kill] illegallychubby killed Vilzuplays69 with World collision
[Tue Aug 30 21:35:16 2022] [Kill] KAK_SRAT killed dima44re with World collision
[Tue Aug 30 21:35:20 2022] [Kill] KAK_SRAT killed Grinya931139 with World collision
[Tue Aug 30 21:35:35 2022] [Kill] dima44re died
[Tue Aug 30 21:35:44 2022] [Kill] Grinya931139 killed KAK_SRAT with World collision
[Tue Aug 30 21:35:45 2022] [Kill] ExitScam1337 killed KillerMatsoeYT with World collision
[Tue Aug 30 21:36:25 2022] [Kill] illegallychubby killed Vilzuplays69 with World collision
[Tue Aug 30 21:37:12 2022] [Kill] Alexecikul killed Antonio3300loss with Бомба-липучка
[Tue Aug 30 21:37:21 2022] [Kill] Grinya931139 died
[Tue Aug 30 21:37:31 2022] [Kill] illegallychubby killed Vilzuplays69 with World collision
[Tue Aug 30 21:37:32 2022] [Kill] KAK_SRAT died
[Tue Aug 30 21:38:39 2022] [Kill] illegallychubby died
[Tue Aug 30 21:38:44 2022] [Kill] vladanza died
[Tue Aug 30 21:39:05 2022] [Kill] Grinya931139 killed KAK_SRAT with World collision
[Tue Aug 30 21:39:27 2022] [Kill] KAK_SRAT died
[Tue Aug 30 21:39:39 2022] [Kill] Csqbinnyo09 died
[Tue Aug 30 21:39:40 2022] [Kill] ExitScam1337 killed illegallychubby with World collision
[Tue Aug 30 21:40:30 2022] [Kill] ExitScam1337 killed Vilzuplays69 with World collision
[Tue Aug 30 21:40:52 2022] [Kill] KAK_SRAT died
[Tue Aug 30 21:41:05 2022] [Kill] vladanza died
[Tue Aug 30 21:41:16 2022] [Kill] RussianKillerCat died
[Tue Aug 30 21:42:06 2022] [Kill] GeuNZeuR killed vladanza with World collision
[Tue Aug 30 21:42:32 2022] [Kill] Vilzuplays69 died
[Tue Aug 30 21:42:32 2022] [Kill] ExitScam1337 killed KAK_SRAT with World collision
[Tue Aug 30 21:42:32 2022] [Kill] ExitScam1337 killed Grinya931139 with World collision
[Tue Aug 30 21:42:45 2022] [Kill] Antonio3300loss died
[Tue Aug 30 21:43:08 2022] [Kill] KillerMatsoeYT died
[Tue Aug 30 21:43:28 2022] [Kill] P4Vendetta died
[Tue Aug 30 21:44:10 2022] [Kill] Csqbinnyo09 died
[Tue Aug 30 21:45:38 2022] [Kill] KAK_SRAT died
[Tue Aug 30 21:45:40 2022] [Kill] Grinya931139 died
[Tue Aug 30 21:46:37 2022] [Kill] KAK_SRAT died
[Tue Aug 30 21:46:40 2022] [Kill] Grinya931139 died
[Tue Aug 30 21:46:54 2022] [Kill] Bertike71 died
[Tue Aug 30 21:47:04 2022] [Kill] Grinya931139 died
[Tue Aug 30 21:47:26 2022] [Kill] Grinya931139 died
[Tue Aug 30 21:47:58 2022] [Kill] KAK_SRAT died
[Tue Aug 30 21:48:09 2022] [Kill] illegallychubby died
[Tue Aug 30 21:48:27 2022] [Kill] Grinya931139 died
[Tue Aug 30 21:49:16 2022] [Kill] Grinya931139 died
[Tue Aug 30 21:49:28 2022] [Kill] Grinya931139 died
[Tue Aug 30 21:49:57 2022] [Kill] Antonio3300loss died
[Tue Aug 30 21:50:14 2022] [Kill] Antonio3300loss died
[Tue Aug 30 21:51:10 2022] [Kill] Antonio3300loss killed vladanza with Бомба-липучка
[Tue Aug 30 21:51:28 2022] [Kill] Csqbinnyo09 died
[Tue Aug 30 21:52:17 2022] [Kill] vladanza killed Vilzuplays69 with World collision
[Tue Aug 30 21:53:22 2022] [Kill] ? died
[Tue Aug 30 21:53:32 2022] [Kill] troullisG10 died
[Tue Aug 30 21:53:40 2022] [Kill] 1234miksu died
[Tue Aug 30 21:53:46 2022] [Kill] baiko301 died
[Tue Aug 30 21:54:15 2022] [Kill] yalonm killed 24ktitan with ПП
[Tue Aug 30 21:54:22 2022] [Kill] Enxs_xll93 killed Enxs_xll93 with Бомба-липучка
[Tue Aug 30 21:55:08 2022] [Kill] Rodrigoreward died
[Tue Aug 30 21:56:16 2022] [Kill] Rodrigoreward died
[Tue Aug 30 21:56:36 2022] [Kill] 0ddseba90901 died
[Tue Aug 30 21:58:27 2022] [Kill] KubaMajster died
[Tue Aug 30 21:59:34 2022] [Kill] RyzenGG died
[Tue Aug 30 22:00:05 2022] [Kill] macosthom killed GTrf_-234 with Дробовик-обрез
[Tue Aug 30 22:00:37 2022] [Kill] macosthom died
[Tue Aug 30 22:01:43 2022] [Kill] GasfDiU died
[Tue Aug 30 22:02:04 2022] [Kill] ExitScam1337 killed Liviu1920 with World collision
[Tue Aug 30 22:02:35 2022] [Kill] der_blechi died
[Tue Aug 30 22:02:57 2022] [Kill] Liviu1920 died
[Tue Aug 30 22:03:15 2022] [Kill] Liviu1920 died
[Tue Aug 30 22:03:47 2022] [Kill] Liviu1920 killed Liviu1920 with Бомба-липучка
[Tue Aug 30 22:04:19 2022] [Kill] Liviu1920 died
[Tue Aug 30 22:06:03 2022] [Kill] macosthom died
[Tue Aug 30 22:07:58 2022] [Kill] ? died
[Tue Aug 30 22:08:38 2022] [Kill] Viktorkm7 died
[Tue Aug 30 22:08:39 2022] [Kill] CardAceCounter died
[Tue Aug 30 22:08:50 2022] [Kill] Zerschmezzerling killed Prism_and with Высокоточная винтовка Mk II
[Tue Aug 30 22:09:23 2022] [Kill] LINUShassleholm died
[Tue Aug 30 22:09:29 2022] [Kill] Prism_and died
[Tue Aug 30 22:09:49 2022] [Kill] Zerschmezzerling killed Prism_and with Высокоточная винтовка Mk II
[Tue Aug 30 22:09:53 2022] [Kill] So1omon_ died
[Tue Aug 30 22:10:14 2022] [Kill] cucuruznik228 died
[Tue Aug 30 22:10:22 2022] [Kill] Prism_and died
[Tue Aug 30 22:10:34 2022] [Kill] -_MXTS_- died
[Tue Aug 30 22:10:43 2022] [Kill] Prism_and died
[Tue Aug 30 22:10:46 2022] [Kill] zGamingX_ died
[Tue Aug 30 22:10:47 2022] [Kill] Neroon_ killed _NqSu_ with World collision
[Tue Aug 30 22:11:00 2022] [Kill] Zerschmezzerling killed Prism_and with Высокоточная винтовка Mk II
[Tue Aug 30 22:11:10 2022] [Kill] Xenom_Official died
[Tue Aug 30 22:11:24 2022] [Kill] Panther106 died
[Tue Aug 30 22:11:25 2022] [Kill] Fnisse_ died
[Tue Aug 30 22:11:36 2022] [Kill] Prism_and died
[Tue Aug 30 22:11:39 2022] [Kill] Neroon_ killed _NqSu_ with World collision
[Tue Aug 30 22:11:48 2022] [Kill] jakubek240206 died
[Tue Aug 30 22:12:01 2022] [Kill] Prism_and died
[Tue Aug 30 22:12:08 2022] [Kill] Nugget23232 died
[Tue Aug 30 22:12:50 2022] [Kill] Zerschmezzerling killed Prism_and with Миниган
[Tue Aug 30 22:12:57 2022] [Kill] _NqSu_ died
[Tue Aug 30 22:13:07 2022] [Kill] ForceReturn died
[Tue Aug 30 22:13:11 2022] [Kill] garcoco421 died
[Tue Aug 30 22:13:21 2022] [Kill] Prism_and died
[Tue Aug 30 22:13:34 2022] [Kill] Melmetal03 died
[Tue Aug 30 22:13:34 2022] [Kill] elietechicken died
[Tue Aug 30 22:13:36 2022] [Kill] jakubek240206 died
[Tue Aug 30 22:13:44 2022] [Kill] LUckyGAbimo died
[Tue Aug 30 22:13:49 2022] [Kill] Prism_and died
[Tue Aug 30 22:13:53 2022] [Kill] njrae7 died
[Tue Aug 30 22:14:14 2022] [Kill] Prism_and died
[Tue Aug 30 22:14:39 2022] [Kill] Melmetal03 died
[Tue Aug 30 22:14:39 2022] [Kill] Alex9_60808 died
[Tue Aug 30 22:14:42 2022] [Kill] Prism_and died
[Tue Aug 30 22:14:43 2022] [Kill] yoyoninjal died
[Tue Aug 30 22:14:45 2022] [Kill] kekee_35 died
[Tue Aug 30 22:14:45 2022] [Kill] Dirty-_-Dog_-_ died
[Tue Aug 30 22:14:46 2022] [Kill] Unvorhandenxx died
[Tue Aug 30 22:14:54 2022] [Kill] Soldier3ND died
[Tue Aug 30 22:15:03 2022] [Kill] Ziom_Kacper576 died
[Tue Aug 30 22:15:10 2022] [Kill] sasaniki717 died
[Tue Aug 30 22:15:10 2022] [Kill] Wojtek_ketjow died
[Tue Aug 30 22:15:13 2022] [Kill] Prism_and died
[Tue Aug 30 22:15:14 2022] [Kill] stonerx999 died
[Tue Aug 30 22:15:33 2022] [Kill] BOT7LOL died
[Tue Aug 30 22:15:35 2022] [Kill] Prism_and died
[Tue Aug 30 22:16:06 2022] [Kill] Prism_and died
[Tue Aug 30 22:16:28 2022] [Kill] Dirty-_-Dog_-_ killed Alex9_60808 with World collision
[Tue Aug 30 22:16:41 2022] [Kill] clegteggit died
[Tue Aug 30 22:16:48 2022] [Kill] Prism_and died
[Tue Aug 30 22:17:10 2022] [Kill] cucuruznik228 died
[Tue Aug 30 22:17:15 2022] [Kill] LordCommanderK died
[Tue Aug 30 22:17:33 2022] [Kill] Alex9_60808 died
[Tue Aug 30 22:17:34 2022] [Kill] paket_kefira died
[Tue Aug 30 22:17:39 2022] [Kill] Prism_and died
[Tue Aug 30 22:17:45 2022] [Kill] dzik_official died
[Tue Aug 30 22:17:58 2022] [Kill] cucuruznik228 died
[Tue Aug 30 22:18:01 2022] [Kill] Prism_and died
[Tue Aug 30 22:18:04 2022] [Kill] Bloxy01 died
[Tue Aug 30 22:18:19 2022] [Kill] jazz666jazz died
[Tue Aug 30 22:18:23 2022] [Kill] jjj700 died
[Tue Aug 30 22:18:27 2022] [Kill] Prism_and died
[Tue Aug 30 22:18:39 2022] [Kill] eXigus_Fanboy died
[Tue Aug 30 22:18:45 2022] [Kill] jjj700 died
[Tue Aug 30 22:18:51 2022] [Kill] Prism_and died
[Tue Aug 30 22:19:06 2022] [Kill] BOT7LOL died
[Tue Aug 30 22:19:20 2022] [Kill] Prism_and died
[Tue Aug 30 22:19:22 2022] [Kill] garcoco421 died
[Tue Aug 30 22:19:51 2022] [Kill] xZeden died
[Tue Aug 30 22:20:02 2022] [Kill] Prism_and died
[Tue Aug 30 22:20:17 2022] [Kill] Neroon_ died
[Tue Aug 30 22:20:19 2022] [Kill] LUckyGAbimo died
[Tue Aug 30 22:20:24 2022] [Kill] Unvorhandenxx died
[Tue Aug 30 22:20:58 2022] [Kill] Bloxy01 died
[Tue Aug 30 22:21:02 2022] [Kill] ExitScam1337 killed Zerschmezzerling with World collision
[Tue Aug 30 22:21:02 2022] [Kill] ExitScam1337 killed Prism_and with World collision
[Tue Aug 30 22:21:24 2022] [Kill] garcoco421 died
[Tue Aug 30 22:21:34 2022] [Kill] Melmetal03 died
[Tue Aug 30 22:21:36 2022] [Kill] ExitScam1337 killed Zerschmezzerling with World collision
[Tue Aug 30 22:21:43 2022] [Kill] BOT7LOL died
[Tue Aug 30 22:21:52 2022] [Kill] T3rzaaa died
[Tue Aug 30 22:21:59 2022] [Kill] Zerschmezzerling killed Prism_and with World collision
[Tue Aug 30 22:22:11 2022] [Kill] ExitScam1337 killed Zerschmezzerling with World collision
[Tue Aug 30 22:22:16 2022] [Kill] Bloxy01 died
[Tue Aug 30 22:22:34 2022] [Kill] Panther106 died
[Tue Aug 30 22:22:42 2022] [Kill] Wojtek_ketjow killed Neroon_ with Штурмовая винтовка Mk II
[Tue Aug 30 22:22:47 2022] [Kill] xfen10 died
[Tue Aug 30 22:22:49 2022] [Kill] ExitScam1337 killed Zerschmezzerling with World collision
[Tue Aug 30 22:23:01 2022] [Kill] Axper__ died
[Tue Aug 30 22:23:04 2022] [Kill] Prism_and died
[Tue Aug 30 22:23:04 2022] [Kill] 4igromen4 died
[Tue Aug 30 22:23:24 2022] [Kill] ZlajDel_1510 died
[Tue Aug 30 22:23:58 2022] [Kill] LisenokNya died
[Tue Aug 30 22:23:59 2022] [Kill] Melmetal03 died
[Tue Aug 30 22:24:10 2022] [Kill] Wojtek_ketjow died
[Tue Aug 30 22:24:13 2022] [Kill] garcoco421 died
[Tue Aug 30 22:24:16 2022] [Kill] Prism_and died
[Tue Aug 30 22:24:20 2022] [Kill] ExitScam1337 killed Zerschmezzerling with World collision
[Tue Aug 30 22:24:20 2022] [Kill] ExitScam1337 killed Unvorhandenxx with World collision
[Tue Aug 30 22:24:22 2022] [Kill] Avvi112 died
[Tue Aug 30 22:24:25 2022] [Kill] AdamIgroman died
[Tue Aug 30 22:24:29 2022] [Kill] Wojtek_ketjow died
[Tue Aug 30 22:25:04 2022] [Kill] ExitScam1337 killed Zerschmezzerling with World collision
[Tue Aug 30 22:25:09 2022] [Kill] Thedonerhd21 died
[Tue Aug 30 22:25:24 2022] [Kill] Wojtek_ketjow died
[Tue Aug 30 22:25:34 2022] [Kill] jazz666jazz died
[Tue Aug 30 22:25:37 2022] [Kill] Makxim7 died
[Tue Aug 30 22:25:46 2022] [Kill] ExitScam1337 killed Zerschmezzerling with World collision
[Tue Aug 30 22:25:58 2022] [Kill] Prism_and died
[Tue Aug 30 22:26:26 2022] [Kill] ExitScam1337 killed Zerschmezzerling with World collision
[Tue Aug 30 22:26:43 2022] [Kill] garcoco421 killed garcoco421 with World collision
[Tue Aug 30 22:26:43 2022] [Kill] garcoco421 killed Panther106 with World collision
[Tue Aug 30 22:26:55 2022] [Kill] AdamIgroman killed AdamIgroman with World collision
[Tue Aug 30 22:27:08 2022] [Kill] Panther106 killed Wojtek_ketjow with World collision
[Tue Aug 30 22:27:13 2022] [Kill] garcoco421 died
[Tue Aug 30 22:28:21 2022] [Kill] Prism_and died
[Tue Aug 30 22:29:18 2022] [Kill] CardAceCounter killed CardAceCounter with World collision
[Tue Aug 30 22:29:57 2022] [Kill] LUckyGAbimo died
[Tue Aug 30 22:30:36 2022] [Kill] Prism_and died
[Tue Aug 30 22:31:01 2022] [Kill] Panther106 died
[Tue Aug 30 22:31:33 2022] [Kill] Thedonerhd21 died
[Tue Aug 30 22:31:50 2022] [Kill] Zerschmezzerling died
[Tue Aug 30 22:32:18 2022] [Kill] Zerschmezzerling died
[Tue Aug 30 22:32:42 2022] [Kill] Zerschmezzerling died
[Tue Aug 30 22:33:03 2022] [Kill] Zerschmezzerling died
[Tue Aug 30 22:33:37 2022] [Kill] Zerschmezzerling died
[Tue Aug 30 22:34:07 2022] [Kill] CardAceCounter died
[Tue Aug 30 22:34:46 2022] [Kill] Zerschmezzerling died
[Tue Aug 30 22:35:01 2022] [Kill] Zerschmezzerling died
[Tue Aug 30 22:35:23 2022] [Kill] Zerschmezzerling died
[Tue Aug 30 22:35:43 2022] [Kill] Zerschmezzerling died
[Tue Aug 30 22:35:56 2022] [Kill] Zerschmezzerling died
[Tue Aug 30 22:36:10 2022] [Kill] Zerschmezzerling died
[Tue Aug 30 22:36:35 2022] [Kill] Zerschmezzerling died
[Tue Aug 30 22:37:00 2022] [Kill] Zerschmezzerling died
[Tue Aug 30 22:37:05 2022] [Kill] Unvorhandenxx died
[Tue Aug 30 22:37:20 2022] [Kill] Thedonerhd21 died
[Tue Aug 30 22:38:04 2022] [Kill] Zerschmezzerling died
[Tue Aug 30 22:38:21 2022] [Kill] Zerschmezzerling died
[Tue Aug 30 22:39:37 2022] [Kill] Unvorhandenxx died
[Tue Aug 30 22:40:10 2022] [Kill] Thedonerhd21 died
[Tue Aug 30 22:42:00 2022] [Kill] garcoco421 died
[Tue Aug 30 22:43:19 2022] [Kill] akaMatic died
[Tue Aug 30 22:43:24 2022] [Kill] Aggelo2421118 died
[Tue Aug 30 22:43:35 2022] [Kill] aRsEz_og died
[Tue Aug 30 22:43:35 2022] [Kill] ItsDaniPvP15 died
[Tue Aug 30 22:44:32 2022] [Kill] Deanlp25 died
[Tue Aug 30 22:44:32 2022] [Kill] Zadikuz killed Mateq_2137 with Ракетная установка
[Tue Aug 30 22:45:31 2022] [Kill] Modder likes you died
[Tue Aug 30 22:45:58 2022] [Kill] csanadmaticsek died
[Tue Aug 30 22:47:21 2022] [Kill] TVMLEKO died
[Tue Aug 30 22:47:30 2022] [Kill] Mulates died
[Tue Aug 30 22:47:41 2022] [Kill] CwanaShiba died
[Tue Aug 30 22:47:43 2022] [Kill] Rutor_ died
[Tue Aug 30 22:47:54 2022] [Kill] Shamkotop died
[Tue Aug 30 22:48:11 2022] [Kill] Street_Wolf_Dk killed Bastiaan350 with Бомба-липучка
[Tue Aug 30 22:48:20 2022] [Kill] FireAdams69 died
[Tue Aug 30 22:48:36 2022] [Kill] sampion45 died
[Tue Aug 30 22:48:38 2022] [Kill] CwanaShiba died
[Tue Aug 30 22:48:48 2022] [Kill] infinable1 died
[Tue Aug 30 22:49:55 2022] [Kill] FBK_IPN died
[Tue Aug 30 22:50:00 2022] [Kill] ROMASHKOVNA died
[Tue Aug 30 22:50:08 2022] [Kill] yeezy_gioele died
[Tue Aug 30 22:50:09 2022] [Kill] CwanaShiba died
[Tue Aug 30 22:50:21 2022] [Kill] infinable1 died
[Tue Aug 30 22:50:30 2022] [Kill] CwanaShiba died
[Tue Aug 30 22:50:48 2022] [Kill] CwanaShiba died
[Tue Aug 30 22:51:09 2022] [Kill] _Dead_Pool_Black died
[Tue Aug 30 22:51:09 2022] [Kill] CwanaShiba died
[Tue Aug 30 22:51:38 2022] [Kill] Chekist2012 died
[Tue Aug 30 22:51:56 2022] [Kill] CwanaShiba died
[Tue Aug 30 22:52:20 2022] [Kill] CwanaShiba died
[Tue Aug 30 22:52:51 2022] [Kill] sarmat222 died
[Tue Aug 30 22:53:19 2022] [Kill] yeezy_gioele died
[Tue Aug 30 22:53:49 2022] [Kill] Krixi11 died
[Tue Aug 30 22:54:01 2022] [Kill] Mulates died
[Tue Aug 30 22:54:05 2022] [Kill] lillsagisen died
[Tue Aug 30 22:55:04 2022] [Kill] Hubba_31 died
[Tue Aug 30 22:55:05 2022] [Kill] R2inGR died
[Tue Aug 30 22:55:16 2022] [Kill] Ben_W0815 died
[Tue Aug 30 22:55:20 2022] [Kill] yeezy_gioele died
[Tue Aug 30 22:55:29 2022] [Kill] Portamaletin died
[Tue Aug 30 22:55:36 2022] [Kill] TVMLEKO died
[Tue Aug 30 22:56:17 2022] [Kill] Waldo_777 died
[Tue Aug 30 22:56:39 2022] [Kill] TVMLEKO died
[Tue Aug 30 22:56:41 2022] [Kill] Shamkotop killed Shamkotop with World collision
[Tue Aug 30 22:56:41 2022] [Kill] Shamkotop killed _Dead_Pool_Black with World collision
[Tue Aug 30 22:56:42 2022] [Kill] Mulates died
[Tue Aug 30 22:58:56 2022] [Kill] Shamkotop died
[Tue Aug 30 22:59:25 2022] [Kill] GappiTheFappy died
[Tue Aug 30 22:59:28 2022] [Kill] SirTommelot died
[Tue Aug 30 23:00:09 2022] [Kill] Zakwerr died
[Tue Aug 30 23:00:46 2022] [Kill] gamer_da_tuga died
[Tue Aug 30 23:00:57 2022] [Kill] _BaNaNio_ died
[Tue Aug 30 23:01:01 2022] [Kill] Mulates died
[Tue Aug 30 23:01:02 2022] [Kill] The_End71 died
[Tue Aug 30 23:01:15 2022] [Kill] vKlindt died
[Tue Aug 30 23:01:19 2022] [Kill] vojtiiiik died
[Tue Aug 30 23:01:40 2022] [Kill] TiagoCeraYT died
[Tue Aug 30 23:02:00 2022] [Kill] Lamar530 died
[Tue Aug 30 23:02:31 2022] [Kill] sapien1337 died
[Tue Aug 30 23:02:48 2022] [Kill] popochkakota died
[Tue Aug 30 23:02:55 2022] [Kill] Essigfleisch died
[Tue Aug 30 23:03:04 2022] [Kill] darkblack1452 died
[Tue Aug 30 23:03:09 2022] [Kill] DushamanKing died
[Tue Aug 30 23:03:14 2022] [Kill] maksimkoval5 died
[Tue Aug 30 23:03:23 2022] [Kill] _Dead_Pool_Black died
[Tue Aug 30 23:03:34 2022] [Kill] _BaNaNio_ died
[Tue Aug 30 23:03:48 2022] [Kill] Diskretni_Heroj died
[Tue Aug 30 23:03:50 2022] [Kill] 4rt3mka died
[Tue Aug 30 23:03:55 2022] [Kill] Ben_W0815 died
[Tue Aug 30 23:04:06 2022] [Kill] EasTHoll died
[Tue Aug 30 23:04:58 2022] [Kill] Mulates killed Brennt22 with Микро-ПП
[Tue Aug 30 23:05:09 2022] [Kill] Bastiaan350 died
[Tue Aug 30 23:05:10 2022] [Kill] TheBorysYT died
[Tue Aug 30 23:05:16 2022] [Kill] maksimkoval5 killed Ben_W0815 with Ракетная установка
[Tue Aug 30 23:05:28 2022] [Kill] GraveHunt3er died
[Tue Aug 30 23:05:36 2022] [Kill] sarmat222 died
[Tue Aug 30 23:05:44 2022] [Kill] Bastiaan350 died
[Tue Aug 30 23:06:03 2022] [Kill] Lixen_1 died
[Tue Aug 30 23:06:12 2022] [Kill] Bastiaan350 died
[Tue Aug 30 23:06:20 2022] [Kill] pr1ecigais died
[Tue Aug 30 23:06:52 2022] [Kill] TiagoCeraYT died
[Tue Aug 30 23:07:10 2022] [Kill] Mulates died
[Tue Aug 30 23:07:13 2022] [Kill] TiagoCeraYT died
[Tue Aug 30 23:07:15 2022] [Kill] gamer_da_tuga died
[Tue Aug 30 23:07:26 2022] [Kill] kazmoistrash died
[Tue Aug 30 23:07:38 2022] [Kill] VladXnumber5 died
[Tue Aug 30 23:07:52 2022] [Kill] SombraNegra08 died
[Tue Aug 30 23:08:12 2022] [Kill] Walker24517 died
[Tue Aug 30 23:08:21 2022] [Kill] Essigfleisch died
[Tue Aug 30 23:08:41 2022] [Kill] Bendy_33 died
[Tue Aug 30 23:08:43 2022] [Kill] Mulates died
[Tue Aug 30 23:08:46 2022] [Kill] _Dead_Pool_Black killed _Dead_Pool_Black with World collision
[Tue Aug 30 23:08:57 2022] [Kill] TiagoCeraYT died
[Tue Aug 30 23:08:57 2022] [Kill] gamer_da_tuga died
[Tue Aug 30 23:08:58 2022] [Kill] MehmetCiro died
[Tue Aug 30 23:09:13 2022] [Kill] Diskretni_Heroj died
[Tue Aug 30 23:09:28 2022] [Kill] TiagoCeraYT died
[Tue Aug 30 23:09:28 2022] [Kill] gamer_da_tuga died
[Tue Aug 30 23:09:36 2022] [Kill] _BaNaNio_ died
[Tue Aug 30 23:09:39 2022] [Kill] gamer_da_tuga died
[Tue Aug 30 23:10:25 2022] [Kill] Shining1105 died
[Tue Aug 30 23:10:26 2022] [Kill] sarmat222 died
[Tue Aug 30 23:10:29 2022] [Kill] Smekyisgod died
[Tue Aug 30 23:10:53 2022] [Kill] gamer_da_tuga died
[Tue Aug 30 23:11:05 2022] [Kill] _BaNaNio_ died
[Tue Aug 30 23:11:40 2022] [Kill] _K_U_B_1_X_ died
[Tue Aug 30 23:12:54 2022] [Kill] MisterMoGer died
[Tue Aug 30 23:12:54 2022] [Kill] _BaNaNio_ died
[Tue Aug 30 23:12:58 2022] [Kill] TeuUwU died
[Tue Aug 30 23:12:59 2022] [Kill] Dismember85 died
[Tue Aug 30 23:12:59 2022] [Kill] slslP0 died
[Tue Aug 30 23:13:02 2022] [Kill] SergeiPros died
[Tue Aug 30 23:13:03 2022] [Kill] Hannonin died
[Tue Aug 30 23:13:04 2022] [Kill] tipczhelli died
[Tue Aug 30 23:13:09 2022] [Kill] Diskretni_Heroj died
[Tue Aug 30 23:20:09 2022] [Kill] ? died
[Tue Aug 30 23:20:29 2022] [Kill] neburesnami died
[Tue Aug 30 23:20:35 2022] [Kill] Dsdeking died
[Tue Aug 30 23:20:56 2022] [Kill] ? died
[Tue Aug 30 23:21:10 2022] [Kill] Slalomb killed Lexsha with World collision
[Tue Aug 30 23:21:13 2022] [Kill] skorpion990 died
[Tue Aug 30 23:21:30 2022] [Kill] AIhits3 died
[Tue Aug 30 23:21:38 2022] [Kill] Slalomb killed Lexsha with World collision
[Tue Aug 30 23:21:38 2022] [Kill] Slalomb died
[Tue Aug 30 23:21:39 2022] [Kill] Lexsha killed _SSEMISS_ with Ракетная установка
[Tue Aug 30 23:21:53 2022] [Kill] ? died
[Tue Aug 30 23:22:02 2022] [Kill] shyzen06 died
[Tue Aug 30 23:22:11 2022] [Kill] Prosowy2115 died
[Tue Aug 30 23:22:36 2022] [Kill] PokistaGTA died
[Tue Aug 30 23:23:01 2022] [Kill] R4m1_77 died
[Tue Aug 30 23:23:10 2022] [Kill] OLIZPROYT died
[Tue Aug 30 23:23:14 2022] [Kill] Prosowy2115 died
[Tue Aug 30 23:23:43 2022] [Kill] cabrastorta died
[Tue Aug 30 23:23:56 2022] [Kill] Prosowy2115 killed Falak232 with World collision
[Tue Aug 30 23:24:12 2022] [Kill] ? died
[Tue Aug 30 23:24:32 2022] [Kill] DraakzJr killed Haarichyo with World collision
[Tue Aug 30 23:24:53 2022] [Kill] xVNylesVx died
[Tue Aug 30 23:25:00 2022] [Kill] DraakzJr killed Haarichyo with World collision
[Tue Aug 30 23:25:02 2022] [Kill] TheMacGamerNL died
[Tue Aug 30 23:25:27 2022] [Kill] DraakzJr killed Haarichyo with Высокоточная винтовка Mk II
[Tue Aug 30 23:25:44 2022] [Kill] FlixxRG died
[Tue Aug 30 23:25:55 2022] [Kill] DraakzJr died
[Tue Aug 30 23:26:20 2022] [Kill] DraakzJr died
[Tue Aug 30 23:26:29 2022] [Kill] DraakzJr died
[Tue Aug 30 23:26:42 2022] [Kill] Haarichyo killed DraakzJr with Тяжелая снайперская Mk II
[Tue Aug 30 23:27:08 2022] [Kill] Haarichyo died
[Tue Aug 30 23:27:45 2022] [Kill] Haarichyo killed DraakzJr with Тяжелая снайперская Mk II
[Tue Aug 30 23:27:53 2022] [Kill] ? died
