[Sun Dec 11 11:25:59 2022] [Script event] Sender: PandaShuriken | Event hash: 931221602 | Event args: 5, -1024694552, -1002749940, 1107648369, -1028403348, -1003858588, 1107848248, 1111191298, -1002003358, 1106567030, 0, 0, 0, 0, 0, 0, 5, 1110704128, 1110704128, 1134395393, 0, 0, 5, 131071, 131071, 131071, 0, 0, 5, 0, 0, 0, 0, 0, 186286996, -1082130432, 0, 0
[Sun Dec 11 11:25:59 2022] [Network event] Sender: PandaShuriken | Event name: RESPAWN_PLAYER_PED_EVENT | Event hash: -1944336433
[Sun Dec 11 11:25:59 2022] [Script event] Sender: PandaShuriken | Event hash: -1388926377 | Event args: 505438658, 5681
[Sun Dec 11 11:26:06 2022] [Network event] Sender: PandaShuriken | Event name: OBJECT_ID_REQUEST_EVENT | Event hash: -1900051923
[Sun Dec 11 11:26:38 2022] [Script event] Sender: PandaShuriken | Event hash: 669856805 | Event args: 0, 2652
[Sun Dec 11 11:28:07 2022] [Script event] Sender: nicodu67160 | Event hash: -1066279757 | Event args: 0, -1
[Sun Dec 11 11:28:08 2022] [Script event] Sender: gta5warrior13 | Event hash: -1066279757 | Event args: 4, -1
[Sun Dec 11 11:28:09 2022] [Script event] Sender: gta5warrior13 | Event hash: 669856805 | Event args: 0, 6909
[Sun Dec 11 11:28:10 2022] [Script event] Sender: gta5warrior13 | Event hash: -1066279757 | Event args: 4, -1
[Sun Dec 11 11:28:10 2022] [Script event] Sender: nicodu67160 | Event hash: -1066279757 | Event args: 0, -1
[Sun Dec 11 11:28:13 2022] [Script event] Sender: Robertxxx71 | Event hash: 364416023 | Event args: 0, 8558
[Sun Dec 11 11:28:13 2022] [Script event] Sender: Pupek10213 | Event hash: -490124271 | Event args: -1
[Sun Dec 11 11:28:13 2022] [Script event] Sender: Pupek10213 | Event hash: -1256086189 | Event args: 0, 9274
[Sun Dec 11 11:28:13 2022] [Script event] Sender: Pupek10213 | Event hash: 601184540 | Event args: 
[Sun Dec 11 11:28:13 2022] [Script event] Sender: Pupek10213 | Event hash: -1858744609 | Event args: 0
[Sun Dec 11 11:28:14 2022] [Script event] Sender: gta5warrior13 | Event hash: 931221602 | Event args: 5, -1005300931, 1122561696, 1114506760, -1005843780, 1120949456, 1115001666, -1002937793, 1124271126, 1113891065, 0, 0, 0, 0, 0, 0, 5, 0, 1132920832, 1119092736, 0, 0, 5, 131071, 131071, 131071, 0, 0, 5, 0, 0, 0, 0, 0, 1814832481, -1082130432, 0, 0
[Sun Dec 11 11:28:15 2022] [Script event] Sender: gta5warrior13 | Event hash: -1388926377 | Event args: 505438658, 5957
[Sun Dec 11 11:28:15 2022] [Script event] Sender: seruj394 | Event hash: 380285861 | Event args: 0, 4108
[Sun Dec 11 11:28:15 2022] [Script event] Sender: Pupek10213 | Event hash: -1388926377 | Event args: 467243868, 1314
[Sun Dec 11 11:28:15 2022] [Script event] Sender: Pupek10213 | Event hash: 931221602 | Event args: 5, 1151655910, -993427448, 1112403725, 1151871576, -993117222, 1112452059, 1151256554, -994103268, 1110168310, 0, 0, 0, 0, 0, 0, 5, -1035190121, 1082150494, -1023138424, 0, 0, 5, 131071, 131071, 131071, 0, 0, 5, 0, 0, 0, 0, 0, -1623348610, 0, 0, 0
[Sun Dec 11 11:28:16 2022] [Script event] Sender: Pupek10213 | Event hash: -1388926377 | Event args: 505438658, 3796
[Sun Dec 11 11:28:16 2022] [Script event] Sender: Pupek10213 | Event hash: -1256086189 | Event args: 0, 4037
[Sun Dec 11 11:28:16 2022] [Script event] Sender: Pupek10213 | Event hash: 495813132 | Event args: 1151607470, -993308395, 1112317952, 1124016925, -326143852, 987118989
[Sun Dec 11 11:28:16 2022] [Script event] Sender: Pupek10213 | Event hash: -1553386096 | Event args: -326143852, -1637855694, 24365
[Sun Dec 11 11:28:16 2022] [Script event] Sender: Pupek10213 | Event hash: -898440447 | Event args: 7
[Sun Dec 11 11:28:17 2022] [Script event] Sender: Pupek10213 | Event hash: 493777560 | Event args: 0, 8776
[Sun Dec 11 11:28:17 2022] [Script event] Sender: gta5warrior13 | Event hash: 669856805 | Event args: 0, 5562
[Sun Dec 11 11:28:18 2022] [Script event] Sender: Robertxxx71 | Event hash: 360408846 | Event args: 296, 0, -1, -1, -1
[Sun Dec 11 11:28:18 2022] [Script event] Sender: Robertxxx71 | Event hash: 1208254870 | Event args: 0, 2313
[Sun Dec 11 11:28:19 2022] [Script event] Sender: Robertxxx71 | Event hash: -441166609 | Event args: 0, 2088644514, 23, 0, 1161290954, 1670747280, 0, 1
[Sun Dec 11 11:28:20 2022] [Script event] Sender: Robertxxx71 | Event hash: 1307058941 | Event args: 0, 0, 3
[Sun Dec 11 11:28:20 2022] [Script event] Sender: Robertxxx71 | Event hash: -2085190907 | Event args: 0
[Sun Dec 11 11:28:20 2022] [Script event] Sender: Pupek10213 | Event hash: -1388926377 | Event args: -942332025, 2645
[Sun Dec 11 11:28:21 2022] [Script event] Sender: Pupek10213 | Event hash: 1866600591 | Event args: 
[Sun Dec 11 11:28:25 2022] [Script event] Sender: Robertxxx71 | Event hash: 175794192 | Event args: 0, 0, 3
[Sun Dec 11 11:28:29 2022] [Script event] Sender: Pupek10213 | Event hash: -1256086189 | Event args: 0, 6110
[Sun Dec 11 11:28:31 2022] [Script event] Sender: Pupek10213 | Event hash: 493777560 | Event args: 0, 6998
[Sun Dec 11 11:28:39 2022] [Script event] Sender: Pupek10213 | Event hash: -1256086189 | Event args: 0, 4175
[Sun Dec 11 11:28:43 2022] [Script event] Sender: Pupek10213 | Event hash: 493777560 | Event args: 0, 9075
[Sun Dec 11 11:28:49 2022] [Script event] Sender: nicodu67160 | Event hash: 669856805 | Event args: 0, 6109
[Sun Dec 11 11:28:52 2022] [Script event] Sender: Robertxxx71 | Event hash: -1256086189 | Event args: 0, 3773
[Sun Dec 11 11:28:55 2022] [Script event] Sender: nicodu67160 | Event hash: 931221602 | Event args: 5, -996324332, -1012182994, 1108317672, -996526504, -1009643600, 1107469431, -995669581, -1006628010, 1106992445, 0, 0, 0, 0, 0, 0, 5, 1110704128, 1127481344, 1130430465, 0, 0, 5, 131071, 131071, 131071, 0, 0, 5, 0, 0, 0, 0, 0, -1546281903, -1082130432, 0, 0
[Sun Dec 11 11:28:55 2022] [Script event] Sender: nicodu67160 | Event hash: -1388926377 | Event args: 505438658, 4111
[Sun Dec 11 11:29:00 2022] [Script event] Sender: BaBeka08 | Event hash: -490124271 | Event args: -1
[Sun Dec 11 11:29:01 2022] [Script event] Sender: BaBeka08 | Event hash: -1256086189 | Event args: 0, 13
[Sun Dec 11 11:29:03 2022] [Script event] Sender: BaBeka08 | Event hash: -1388926377 | Event args: 467243868, 9226
[Sun Dec 11 11:29:05 2022] [Script event] Sender: Glowcom | Event hash: 669856805 | Event args: 0, 9271
[Sun Dec 11 11:29:06 2022] [Script event] Sender: seruj394 | Event hash: -243085165 | Event args: 0, 7068
[Sun Dec 11 11:29:09 2022] [Script event] Sender: Midg8g11g841b1 | Event hash: 669856805 | Event args: 0, 9188
[Sun Dec 11 11:29:09 2022] [Script event] Sender: Midg8g11g841b1 | Event hash: -738273183 | Event args: 0, 2995
[Sun Dec 11 11:29:09 2022] [Script event] Sender: Midg8g11g841b1 | Event hash: 669856805 | Event args: 0, 4895
[Sun Dec 11 11:29:09 2022] [Script event] Sender: Midg8g11g841b1 | Event hash: -738273183 | Event args: 0, 370
