[Sun Dec 11 12:05:41 2022] [Kill] ? died
[Sun Dec 11 12:05:41 2022] [Kill] ? died
[Sun Dec 11 12:05:41 2022] [Kill] ? died
[Sun Dec 11 12:05:41 2022] [Kill] ? died
[Sun Dec 11 12:05:41 2022] [Kill] ? died
[Sun Dec 11 12:05:41 2022] [Kill] ? died
[Sun Dec 11 12:05:41 2022] [Kill] ? died
[Sun Dec 11 12:05:41 2022] [Kill] ? died
[Sun Dec 11 12:05:41 2022] [Kill] ? died
[Sun Dec 11 12:05:41 2022] [Kill] ? died
[Sun Dec 11 12:05:41 2022] [Kill] ? died
[Sun Dec 11 12:05:41 2022] [Kill] ? died
[Sun Dec 11 12:05:41 2022] [Kill] ? died
[Sun Dec 11 12:05:41 2022] [Kill] ? died
[Sun Dec 11 12:05:41 2022] [Kill] ? died
[Sun Dec 11 12:05:41 2022] [Kill] ? died
[Sun Dec 11 12:05:41 2022] [Kill] ? died
[Sun Dec 11 12:05:41 2022] [Kill] ? died
[Sun Dec 11 12:05:41 2022] [Kill] ? died
[Sun Dec 11 12:05:41 2022] [Kill] ? died
[Sun Dec 11 12:05:41 2022] [Kill] ? died
[Sun Dec 11 12:05:41 2022] [Kill] ? died
[Sun Dec 11 12:05:41 2022] [Kill] ? died
[Sun Dec 11 12:05:41 2022] [Kill] ? died
[Sun Dec 11 12:05:41 2022] [Kill] ? died
[Sun Dec 11 12:05:41 2022] [Kill] ? died
[Sun Dec 11 12:05:41 2022] [Kill] ? died
[Sun Dec 11 12:05:41 2022] [Kill] ? died
[Sun Dec 11 12:05:41 2022] [Kill] ? died
[Sun Dec 11 12:05:41 2022] [Kill] ? died
[Sun Dec 11 12:05:41 2022] [Kill] ? died
[Sun Dec 11 12:05:41 2022] [Kill] ? died
[Sun Dec 11 12:10:15 2022] [Kill] ? died
[Sun Dec 11 12:10:23 2022] [Kill] artemov__ivan died
[Sun Dec 11 12:10:57 2022] [Kill] artemov__vovchik died
[Sun Dec 11 12:11:09 2022] [Kill] Keselj died
[Sun Dec 11 12:11:35 2022] [Kill] artemov__vovchik died
[Sun Dec 11 12:11:59 2022] [Kill] KoTeCiA died
[Sun Dec 11 12:12:20 2022] [Kill] Cliocks died
[Sun Dec 11 12:12:33 2022] [Kill] artemov__vovchik died
[Sun Dec 11 12:12:59 2022] [Kill] lelliko died
[Sun Dec 11 12:13:19 2022] [Kill] artemov__vovchik died
[Sun Dec 11 12:13:51 2022] [Kill] canman212 died
[Sun Dec 11 12:14:54 2022] [Kill] artemov__ivan died
[Sun Dec 11 12:29:21 2022] [Kill] Muhammed92737 died
[Sun Dec 11 12:29:21 2022] [Kill] lelliko killed lelliko with World collision
[Sun Dec 11 12:29:24 2022] [Kill] OxiGen1337 killed ricechinatown with World collision
[Sun Dec 11 12:29:28 2022] [Kill] Joaolucas919 killed Johanntok with World collision
[Sun Dec 11 12:30:18 2022] [Kill] ? died
[Sun Dec 11 12:30:26 2022] [Kill] cybxrnd6 died
[Sun Dec 11 12:30:32 2022] [Kill] Zaarork died
[Sun Dec 11 12:30:32 2022] [Kill] ellidan99 died
[Sun Dec 11 12:30:35 2022] [Kill] TROPANDA died
[Sun Dec 11 12:30:40 2022] [Kill] Snickers_Legend7 died
[Sun Dec 11 12:30:48 2022] [Kill] maksim1993house died
[Sun Dec 11 12:31:08 2022] [Kill] IslivaI died
[Sun Dec 11 12:31:40 2022] [Kill] OxiGen1337 killed BebseHD with WEAPON_PISTOL
[Sun Dec 11 12:32:34 2022] [Kill] Melissa died
[Sun Dec 11 12:32:47 2022] [Kill] Batya1333 died
[Sun Dec 11 12:33:06 2022] [Kill] MEGADINOS7 died
[Sun Dec 11 12:33:27 2022] [Kill] periodicBenjiii3 died
[Sun Dec 11 12:33:37 2022] [Kill] RamboPablo killed RamboPablo with World collision
[Sun Dec 11 12:33:50 2022] [Kill] Lary_PL died
[Sun Dec 11 12:33:50 2022] [Kill] IllIlIIlllIl died
[Sun Dec 11 12:34:02 2022] [Kill] Le10Eeee died
